{"C:\\Users\\vitor\\OneDrive\\Documentos\\Work\\Exchange_of_Currencies\\Exchange_Front\\src\\App.tsx": {"path":"C:\\Users\\vitor\\OneDrive\\Documentos\\Work\\Exchange_of_Currencies\\Exchange_Front\\src\\App.tsx","all":false,"statementMap":{"0":{"start":{"line":1,"column":0},"end":{"line":1,"column":59}},"1":{"start":{"line":2,"column":0},"end":{"line":2,"column":31}},"2":{"start":{"line":3,"column":0},"end":{"line":3,"column":33}},"3":{"start":{"line":4,"column":0},"end":{"line":4,"column":39}},"4":{"start":{"line":5,"column":0},"end":{"line":5,"column":58}},"5":{"start":{"line":6,"column":0},"end":{"line":6,"column":41}},"6":{"start":{"line":7,"column":0},"end":{"line":7,"column":37}},"8":{"start":{"line":9,"column":0},"end":{"line":9,"column":16}},"10":{"start":{"line":11,"column":0},"end":{"line":11,"column":10}},"11":{"start":{"line":12,"column":0},"end":{"line":12,"column":19}},"12":{"start":{"line":13,"column":0},"end":{"line":13,"column":14}},"13":{"start":{"line":14,"column":0},"end":{"line":14,"column":43}},"14":{"start":{"line":15,"column":0},"end":{"line":15,"column":49}},"15":{"start":{"line":16,"column":0},"end":{"line":16,"column":53}},"16":{"start":{"line":17,"column":0},"end":{"line":17,"column":42}},"17":{"start":{"line":18,"column":0},"end":{"line":18,"column":59}},"18":{"start":{"line":19,"column":0},"end":{"line":19,"column":55}},"19":{"start":{"line":20,"column":0},"end":{"line":20,"column":16}},"20":{"start":{"line":21,"column":0},"end":{"line":21,"column":15}},"21":{"start":{"line":22,"column":0},"end":{"line":22,"column":20}},"23":{"start":{"line":24,"column":0},"end":{"line":24,"column":1}},"25":{"start":{"line":26,"column":0},"end":{"line":26,"column":18}}},"s":{"0":1,"1":1,"2":1,"3":1,"4":1,"5":1,"6":1,"8":5,"10":5,"11":5,"12":5,"13":5,"14":5,"15":5,"16":5,"17":5,"18":5,"19":5,"20":5,"21":5,"23":5,"25":1},"branchMap":{"0":{"type":"branch","line":9,"loc":{"start":{"line":9,"column":0},"end":{"line":24,"column":1}},"locations":[{"start":{"line":9,"column":0},"end":{"line":24,"column":1}}]}},"b":{"0":[5]},"fnMap":{"0":{"name":"App","decl":{"start":{"line":9,"column":0},"end":{"line":24,"column":1}},"loc":{"start":{"line":9,"column":0},"end":{"line":24,"column":1}},"line":9}},"f":{"0":5}}
,"C:\\Users\\vitor\\OneDrive\\Documentos\\Work\\Exchange_of_Currencies\\Exchange_Front\\src\\main.tsx": {"path":"C:\\Users\\vitor\\OneDrive\\Documentos\\Work\\Exchange_of_Currencies\\Exchange_Front\\src\\main.tsx","all":true,"statementMap":{"0":{"start":{"line":1,"column":0},"end":{"line":1,"column":34}},"1":{"start":{"line":2,"column":0},"end":{"line":2,"column":45}},"2":{"start":{"line":3,"column":0},"end":{"line":3,"column":27}},"3":{"start":{"line":4,"column":0},"end":{"line":4,"column":20}},"5":{"start":{"line":6,"column":0},"end":{"line":6,"column":52}},"6":{"start":{"line":7,"column":0},"end":{"line":7,"column":14}},"7":{"start":{"line":8,"column":0},"end":{"line":8,"column":11}},"8":{"start":{"line":9,"column":0},"end":{"line":9,"column":16}},"9":{"start":{"line":10,"column":0},"end":{"line":10,"column":1}}},"s":{"0":0,"1":0,"2":0,"3":0,"5":0,"6":0,"7":0,"8":0,"9":0},"branchMap":{"0":{"type":"branch","line":1,"loc":{"start":{"line":1,"column":203},"end":{"line":10,"column":-148}},"locations":[{"start":{"line":1,"column":203},"end":{"line":10,"column":-148}}]}},"b":{"0":[0]},"fnMap":{"0":{"name":"(empty-report)","decl":{"start":{"line":1,"column":203},"end":{"line":10,"column":-148}},"loc":{"start":{"line":1,"column":203},"end":{"line":10,"column":-148}},"line":1}},"f":{"0":0}}
,"C:\\Users\\vitor\\OneDrive\\Documentos\\Work\\Exchange_of_Currencies\\Exchange_Front\\src\\@types\\LoginResponseModel.ts": {"path":"C:\\Users\\vitor\\OneDrive\\Documentos\\Work\\Exchange_of_Currencies\\Exchange_Front\\src\\@types\\LoginResponseModel.ts","all":true,"statementMap":{},"s":{},"branchMap":{"0":{"type":"branch","line":1,"loc":{"start":{"line":1,"column":202},"end":{"line":11,"column":3}},"locations":[{"start":{"line":1,"column":202},"end":{"line":11,"column":3}}]}},"b":{"0":[1]},"fnMap":{"0":{"name":"(empty-report)","decl":{"start":{"line":1,"column":202},"end":{"line":11,"column":3}},"loc":{"start":{"line":1,"column":202},"end":{"line":11,"column":3}},"line":1}},"f":{"0":1}}
,"C:\\Users\\vitor\\OneDrive\\Documentos\\Work\\Exchange_of_Currencies\\Exchange_Front\\src\\@types\\conversionResponse.ts": {"path":"C:\\Users\\vitor\\OneDrive\\Documentos\\Work\\Exchange_of_Currencies\\Exchange_Front\\src\\@types\\conversionResponse.ts","all":true,"statementMap":{},"s":{},"branchMap":{"0":{"type":"branch","line":1,"loc":{"start":{"line":1,"column":128},"end":{"line":7,"column":3}},"locations":[{"start":{"line":1,"column":128},"end":{"line":7,"column":3}}]}},"b":{"0":[1]},"fnMap":{"0":{"name":"(empty-report)","decl":{"start":{"line":1,"column":128},"end":{"line":7,"column":3}},"loc":{"start":{"line":1,"column":128},"end":{"line":7,"column":3}},"line":1}},"f":{"0":1}}
,"C:\\Users\\vitor\\OneDrive\\Documentos\\Work\\Exchange_of_Currencies\\Exchange_Front\\src\\@types\\exchangeRates.ts": {"path":"C:\\Users\\vitor\\OneDrive\\Documentos\\Work\\Exchange_of_Currencies\\Exchange_Front\\src\\@types\\exchangeRates.ts","all":true,"statementMap":{},"s":{},"branchMap":{"0":{"type":"branch","line":1,"loc":{"start":{"line":1,"column":90},"end":{"line":5,"column":1}},"locations":[{"start":{"line":1,"column":90},"end":{"line":5,"column":1}}]}},"b":{"0":[1]},"fnMap":{"0":{"name":"(empty-report)","decl":{"start":{"line":1,"column":90},"end":{"line":5,"column":1}},"loc":{"start":{"line":1,"column":90},"end":{"line":5,"column":1}},"line":1}},"f":{"0":1}}
,"C:\\Users\\vitor\\OneDrive\\Documentos\\Work\\Exchange_of_Currencies\\Exchange_Front\\src\\components\\Btn.tsx": {"path":"C:\\Users\\vitor\\OneDrive\\Documentos\\Work\\Exchange_of_Currencies\\Exchange_Front\\src\\components\\Btn.tsx","all":false,"statementMap":{"0":{"start":{"line":1,"column":0},"end":{"line":1,"column":14}},"1":{"start":{"line":2,"column":0},"end":{"line":2,"column":7}},"2":{"start":{"line":3,"column":0},"end":{"line":3,"column":8}},"3":{"start":{"line":4,"column":0},"end":{"line":4,"column":8}},"4":{"start":{"line":5,"column":0},"end":{"line":5,"column":12}},"5":{"start":{"line":6,"column":0},"end":{"line":6,"column":14}},"6":{"start":{"line":7,"column":0},"end":{"line":7,"column":17}},"7":{"start":{"line":8,"column":0},"end":{"line":8,"column":4}},"14":{"start":{"line":15,"column":0},"end":{"line":15,"column":4}},"15":{"start":{"line":16,"column":0},"end":{"line":16,"column":10}},"16":{"start":{"line":17,"column":0},"end":{"line":17,"column":6}},"17":{"start":{"line":18,"column":0},"end":{"line":18,"column":13}},"18":{"start":{"line":19,"column":0},"end":{"line":19,"column":113}},"19":{"start":{"line":20,"column":0},"end":{"line":20,"column":22}},"20":{"start":{"line":21,"column":0},"end":{"line":21,"column":26}},"22":{"start":{"line":23,"column":0},"end":{"line":23,"column":15}},"23":{"start":{"line":24,"column":0},"end":{"line":24,"column":15}},"24":{"start":{"line":25,"column":0},"end":{"line":25,"column":7}},"26":{"start":{"line":27,"column":0},"end":{"line":27,"column":1}},"28":{"start":{"line":29,"column":0},"end":{"line":29,"column":19}}},"s":{"0":189,"1":189,"2":189,"3":189,"4":189,"5":189,"6":189,"7":189,"14":189,"15":189,"16":189,"17":189,"18":189,"19":189,"20":189,"22":189,"23":189,"24":189,"26":189,"28":1},"branchMap":{"0":{"type":"branch","line":1,"loc":{"start":{"line":1,"column":0},"end":{"line":27,"column":1}},"locations":[{"start":{"line":1,"column":0},"end":{"line":27,"column":1}}]}},"b":{"0":[189]},"fnMap":{"0":{"name":"Btn","decl":{"start":{"line":1,"column":0},"end":{"line":27,"column":1}},"loc":{"start":{"line":1,"column":0},"end":{"line":27,"column":1}},"line":1}},"f":{"0":189}}
,"C:\\Users\\vitor\\OneDrive\\Documentos\\Work\\Exchange_of_Currencies\\Exchange_Front\\src\\components\\Chart.tsx": {"path":"C:\\Users\\vitor\\OneDrive\\Documentos\\Work\\Exchange_of_Currencies\\Exchange_Front\\src\\components\\Chart.tsx","all":false,"statementMap":{"0":{"start":{"line":1,"column":0},"end":{"line":1,"column":33}},"1":{"start":{"line":2,"column":0},"end":{"line":2,"column":8}},"8":{"start":{"line":9,"column":0},"end":{"line":9,"column":24}},"9":{"start":{"line":10,"column":0},"end":{"line":10,"column":47}},"10":{"start":{"line":11,"column":0},"end":{"line":11,"column":54}},"13":{"start":{"line":14,"column":0},"end":{"line":14,"column":56}},"14":{"start":{"line":15,"column":0},"end":{"line":15,"column":41}},"15":{"start":{"line":16,"column":0},"end":{"line":16,"column":59}},"17":{"start":{"line":18,"column":0},"end":{"line":18,"column":61}},"19":{"start":{"line":20,"column":0},"end":{"line":20,"column":61}},"21":{"start":{"line":22,"column":0},"end":{"line":22,"column":39}},"22":{"start":{"line":23,"column":0},"end":{"line":23,"column":66}},"23":{"start":{"line":24,"column":0},"end":{"line":24,"column":4}},"25":{"start":{"line":26,"column":0},"end":{"line":26,"column":16}},"26":{"start":{"line":27,"column":0},"end":{"line":27,"column":12}},"27":{"start":{"line":28,"column":0},"end":{"line":28,"column":116}},"28":{"start":{"line":29,"column":0},"end":{"line":29,"column":26}},"29":{"start":{"line":30,"column":0},"end":{"line":30,"column":46}},"30":{"start":{"line":31,"column":0},"end":{"line":31,"column":62}},"31":{"start":{"line":32,"column":0},"end":{"line":32,"column":62}},"32":{"start":{"line":33,"column":0},"end":{"line":33,"column":13}},"34":{"start":{"line":35,"column":0},"end":{"line":35,"column":25}},"36":{"start":{"line":37,"column":0},"end":{"line":37,"column":76}},"37":{"start":{"line":38,"column":0},"end":{"line":38,"column":23}},"38":{"start":{"line":39,"column":0},"end":{"line":39,"column":23}},"39":{"start":{"line":40,"column":0},"end":{"line":40,"column":38}},"40":{"start":{"line":41,"column":0},"end":{"line":41,"column":37}},"41":{"start":{"line":42,"column":0},"end":{"line":42,"column":32}},"42":{"start":{"line":43,"column":0},"end":{"line":43,"column":35}},"43":{"start":{"line":44,"column":0},"end":{"line":44,"column":33}},"44":{"start":{"line":45,"column":0},"end":{"line":45,"column":45}},"45":{"start":{"line":46,"column":0},"end":{"line":46,"column":47}},"46":{"start":{"line":47,"column":0},"end":{"line":47,"column":16}},"49":{"start":{"line":50,"column":0},"end":{"line":50,"column":41}},"51":{"start":{"line":52,"column":0},"end":{"line":52,"column":45}},"52":{"start":{"line":53,"column":0},"end":{"line":53,"column":26}},"53":{"start":{"line":54,"column":0},"end":{"line":54,"column":61}},"54":{"start":{"line":55,"column":0},"end":{"line":55,"column":24}},"55":{"start":{"line":56,"column":0},"end":{"line":56,"column":71}},"56":{"start":{"line":57,"column":0},"end":{"line":57,"column":18}},"57":{"start":{"line":58,"column":0},"end":{"line":58,"column":16}},"60":{"start":{"line":61,"column":0},"end":{"line":61,"column":45}},"61":{"start":{"line":62,"column":0},"end":{"line":62,"column":26}},"62":{"start":{"line":63,"column":0},"end":{"line":63,"column":36}},"63":{"start":{"line":64,"column":0},"end":{"line":64,"column":43}},"64":{"start":{"line":65,"column":0},"end":{"line":65,"column":77}},"65":{"start":{"line":66,"column":0},"end":{"line":66,"column":50}},"66":{"start":{"line":67,"column":0},"end":{"line":67,"column":44}},"67":{"start":{"line":68,"column":0},"end":{"line":68,"column":18}},"68":{"start":{"line":69,"column":0},"end":{"line":69,"column":24}},"69":{"start":{"line":70,"column":0},"end":{"line":70,"column":31}},"70":{"start":{"line":71,"column":0},"end":{"line":71,"column":33}},"71":{"start":{"line":72,"column":0},"end":{"line":72,"column":29}},"72":{"start":{"line":73,"column":0},"end":{"line":73,"column":31}},"73":{"start":{"line":74,"column":0},"end":{"line":74,"column":20}},"74":{"start":{"line":75,"column":0},"end":{"line":75,"column":18}},"75":{"start":{"line":76,"column":0},"end":{"line":76,"column":29}},"76":{"start":{"line":77,"column":0},"end":{"line":77,"column":16}},"79":{"start":{"line":80,"column":0},"end":{"line":80,"column":34}},"80":{"start":{"line":81,"column":0},"end":{"line":81,"column":25}},"81":{"start":{"line":82,"column":0},"end":{"line":82,"column":14}},"82":{"start":{"line":83,"column":0},"end":{"line":83,"column":75}},"83":{"start":{"line":84,"column":0},"end":{"line":84,"column":14}},"84":{"start":{"line":85,"column":0},"end":{"line":85,"column":16}},"85":{"start":{"line":86,"column":0},"end":{"line":86,"column":72}},"86":{"start":{"line":87,"column":0},"end":{"line":87,"column":25}},"87":{"start":{"line":88,"column":0},"end":{"line":88,"column":27}},"88":{"start":{"line":89,"column":0},"end":{"line":89,"column":30}},"89":{"start":{"line":90,"column":0},"end":{"line":90,"column":53}},"90":{"start":{"line":91,"column":0},"end":{"line":91,"column":14}},"91":{"start":{"line":92,"column":0},"end":{"line":92,"column":15}},"92":{"start":{"line":93,"column":0},"end":{"line":93,"column":14}},"93":{"start":{"line":94,"column":0},"end":{"line":94,"column":16}},"94":{"start":{"line":95,"column":0},"end":{"line":95,"column":73}},"95":{"start":{"line":96,"column":0},"end":{"line":96,"column":26}},"96":{"start":{"line":97,"column":0},"end":{"line":97,"column":27}},"97":{"start":{"line":98,"column":0},"end":{"line":98,"column":54}},"98":{"start":{"line":99,"column":0},"end":{"line":99,"column":14}},"99":{"start":{"line":100,"column":0},"end":{"line":100,"column":15}},"100":{"start":{"line":101,"column":0},"end":{"line":101,"column":14}},"101":{"start":{"line":102,"column":0},"end":{"line":102,"column":16}},"102":{"start":{"line":103,"column":0},"end":{"line":103,"column":74}},"103":{"start":{"line":104,"column":0},"end":{"line":104,"column":27}},"104":{"start":{"line":105,"column":0},"end":{"line":105,"column":27}},"105":{"start":{"line":106,"column":0},"end":{"line":106,"column":55}},"106":{"start":{"line":107,"column":0},"end":{"line":107,"column":14}},"107":{"start":{"line":108,"column":0},"end":{"line":108,"column":15}},"108":{"start":{"line":109,"column":0},"end":{"line":109,"column":14}},"109":{"start":{"line":110,"column":0},"end":{"line":110,"column":16}},"110":{"start":{"line":111,"column":0},"end":{"line":111,"column":73}},"111":{"start":{"line":112,"column":0},"end":{"line":112,"column":26}},"112":{"start":{"line":113,"column":0},"end":{"line":113,"column":27}},"113":{"start":{"line":114,"column":0},"end":{"line":114,"column":30}},"114":{"start":{"line":115,"column":0},"end":{"line":115,"column":54}},"115":{"start":{"line":116,"column":0},"end":{"line":116,"column":14}},"116":{"start":{"line":117,"column":0},"end":{"line":117,"column":15}},"117":{"start":{"line":118,"column":0},"end":{"line":118,"column":13}},"118":{"start":{"line":119,"column":0},"end":{"line":119,"column":12}},"120":{"start":{"line":121,"column":0},"end":{"line":121,"column":3}},"122":{"start":{"line":123,"column":0},"end":{"line":123,"column":14}},"123":{"start":{"line":124,"column":0},"end":{"line":124,"column":12}},"124":{"start":{"line":125,"column":0},"end":{"line":125,"column":116}},"125":{"start":{"line":126,"column":0},"end":{"line":126,"column":26}},"126":{"start":{"line":127,"column":0},"end":{"line":127,"column":46}},"127":{"start":{"line":128,"column":0},"end":{"line":128,"column":62}},"128":{"start":{"line":129,"column":0},"end":{"line":129,"column":62}},"129":{"start":{"line":130,"column":0},"end":{"line":130,"column":13}},"131":{"start":{"line":132,"column":0},"end":{"line":132,"column":25}},"133":{"start":{"line":134,"column":0},"end":{"line":134,"column":96}},"134":{"start":{"line":135,"column":0},"end":{"line":135,"column":75}},"135":{"start":{"line":136,"column":0},"end":{"line":136,"column":14}},"136":{"start":{"line":137,"column":0},"end":{"line":137,"column":16}},"137":{"start":{"line":138,"column":0},"end":{"line":138,"column":72}},"138":{"start":{"line":139,"column":0},"end":{"line":139,"column":25}},"139":{"start":{"line":140,"column":0},"end":{"line":140,"column":27}},"140":{"start":{"line":141,"column":0},"end":{"line":141,"column":30}},"141":{"start":{"line":142,"column":0},"end":{"line":142,"column":53}},"142":{"start":{"line":143,"column":0},"end":{"line":143,"column":14}},"143":{"start":{"line":144,"column":0},"end":{"line":144,"column":15}},"144":{"start":{"line":145,"column":0},"end":{"line":145,"column":14}},"145":{"start":{"line":146,"column":0},"end":{"line":146,"column":16}},"146":{"start":{"line":147,"column":0},"end":{"line":147,"column":73}},"147":{"start":{"line":148,"column":0},"end":{"line":148,"column":26}},"148":{"start":{"line":149,"column":0},"end":{"line":149,"column":27}},"149":{"start":{"line":150,"column":0},"end":{"line":150,"column":54}},"150":{"start":{"line":151,"column":0},"end":{"line":151,"column":14}},"151":{"start":{"line":152,"column":0},"end":{"line":152,"column":15}},"152":{"start":{"line":153,"column":0},"end":{"line":153,"column":14}},"153":{"start":{"line":154,"column":0},"end":{"line":154,"column":16}},"154":{"start":{"line":155,"column":0},"end":{"line":155,"column":74}},"155":{"start":{"line":156,"column":0},"end":{"line":156,"column":27}},"156":{"start":{"line":157,"column":0},"end":{"line":157,"column":27}},"157":{"start":{"line":158,"column":0},"end":{"line":158,"column":55}},"158":{"start":{"line":159,"column":0},"end":{"line":159,"column":14}},"159":{"start":{"line":160,"column":0},"end":{"line":160,"column":15}},"160":{"start":{"line":161,"column":0},"end":{"line":161,"column":14}},"161":{"start":{"line":162,"column":0},"end":{"line":162,"column":16}},"162":{"start":{"line":163,"column":0},"end":{"line":163,"column":73}},"163":{"start":{"line":164,"column":0},"end":{"line":164,"column":26}},"164":{"start":{"line":165,"column":0},"end":{"line":165,"column":27}},"165":{"start":{"line":166,"column":0},"end":{"line":166,"column":30}},"166":{"start":{"line":167,"column":0},"end":{"line":167,"column":54}},"167":{"start":{"line":168,"column":0},"end":{"line":168,"column":14}},"168":{"start":{"line":169,"column":0},"end":{"line":169,"column":15}},"169":{"start":{"line":170,"column":0},"end":{"line":170,"column":13}},"170":{"start":{"line":171,"column":0},"end":{"line":171,"column":12}},"172":{"start":{"line":173,"column":0},"end":{"line":173,"column":3}},"174":{"start":{"line":175,"column":0},"end":{"line":175,"column":10}},"175":{"start":{"line":176,"column":0},"end":{"line":176,"column":114}},"176":{"start":{"line":177,"column":0},"end":{"line":177,"column":24}},"177":{"start":{"line":178,"column":0},"end":{"line":178,"column":46}},"178":{"start":{"line":179,"column":0},"end":{"line":179,"column":62}},"179":{"start":{"line":180,"column":0},"end":{"line":180,"column":62}},"180":{"start":{"line":181,"column":0},"end":{"line":181,"column":13}},"182":{"start":{"line":183,"column":0},"end":{"line":183,"column":25}},"184":{"start":{"line":185,"column":0},"end":{"line":185,"column":75}},"185":{"start":{"line":186,"column":0},"end":{"line":186,"column":21}},"186":{"start":{"line":187,"column":0},"end":{"line":187,"column":21}},"187":{"start":{"line":188,"column":0},"end":{"line":188,"column":36}},"188":{"start":{"line":189,"column":0},"end":{"line":189,"column":35}},"189":{"start":{"line":190,"column":0},"end":{"line":190,"column":30}},"190":{"start":{"line":191,"column":0},"end":{"line":191,"column":33}},"191":{"start":{"line":192,"column":0},"end":{"line":192,"column":31}},"192":{"start":{"line":193,"column":0},"end":{"line":193,"column":43}},"193":{"start":{"line":194,"column":0},"end":{"line":194,"column":45}},"194":{"start":{"line":195,"column":0},"end":{"line":195,"column":14}},"197":{"start":{"line":198,"column":0},"end":{"line":198,"column":39}},"199":{"start":{"line":200,"column":0},"end":{"line":200,"column":43}},"200":{"start":{"line":201,"column":0},"end":{"line":201,"column":24}},"201":{"start":{"line":202,"column":0},"end":{"line":202,"column":60}},"202":{"start":{"line":203,"column":0},"end":{"line":203,"column":22}},"203":{"start":{"line":204,"column":0},"end":{"line":204,"column":70}},"204":{"start":{"line":205,"column":0},"end":{"line":205,"column":16}},"205":{"start":{"line":206,"column":0},"end":{"line":206,"column":14}},"208":{"start":{"line":209,"column":0},"end":{"line":209,"column":43}},"209":{"start":{"line":210,"column":0},"end":{"line":210,"column":24}},"210":{"start":{"line":211,"column":0},"end":{"line":211,"column":34}},"211":{"start":{"line":212,"column":0},"end":{"line":212,"column":41}},"212":{"start":{"line":213,"column":0},"end":{"line":213,"column":75}},"213":{"start":{"line":214,"column":0},"end":{"line":214,"column":48}},"214":{"start":{"line":215,"column":0},"end":{"line":215,"column":42}},"215":{"start":{"line":216,"column":0},"end":{"line":216,"column":16}},"216":{"start":{"line":217,"column":0},"end":{"line":217,"column":22}},"217":{"start":{"line":218,"column":0},"end":{"line":218,"column":29}},"218":{"start":{"line":219,"column":0},"end":{"line":219,"column":32}},"219":{"start":{"line":220,"column":0},"end":{"line":220,"column":28}},"220":{"start":{"line":221,"column":0},"end":{"line":221,"column":29}},"221":{"start":{"line":222,"column":0},"end":{"line":222,"column":18}},"222":{"start":{"line":223,"column":0},"end":{"line":223,"column":16}},"223":{"start":{"line":224,"column":0},"end":{"line":224,"column":28}},"224":{"start":{"line":225,"column":0},"end":{"line":225,"column":14}},"227":{"start":{"line":228,"column":0},"end":{"line":228,"column":49}},"228":{"start":{"line":229,"column":0},"end":{"line":229,"column":23}},"229":{"start":{"line":230,"column":0},"end":{"line":230,"column":12}},"230":{"start":{"line":231,"column":0},"end":{"line":231,"column":73}},"231":{"start":{"line":232,"column":0},"end":{"line":232,"column":12}},"232":{"start":{"line":233,"column":0},"end":{"line":233,"column":14}},"233":{"start":{"line":234,"column":0},"end":{"line":234,"column":70}},"234":{"start":{"line":235,"column":0},"end":{"line":235,"column":23}},"235":{"start":{"line":236,"column":0},"end":{"line":236,"column":25}},"236":{"start":{"line":237,"column":0},"end":{"line":237,"column":76}},"237":{"start":{"line":238,"column":0},"end":{"line":238,"column":51}},"238":{"start":{"line":239,"column":0},"end":{"line":239,"column":12}},"239":{"start":{"line":240,"column":0},"end":{"line":240,"column":13}},"240":{"start":{"line":241,"column":0},"end":{"line":241,"column":12}},"241":{"start":{"line":242,"column":0},"end":{"line":242,"column":14}},"242":{"start":{"line":243,"column":0},"end":{"line":243,"column":71}},"243":{"start":{"line":244,"column":0},"end":{"line":244,"column":24}},"244":{"start":{"line":245,"column":0},"end":{"line":245,"column":25}},"245":{"start":{"line":246,"column":0},"end":{"line":246,"column":52}},"246":{"start":{"line":247,"column":0},"end":{"line":247,"column":67}},"247":{"start":{"line":248,"column":0},"end":{"line":248,"column":12}},"248":{"start":{"line":249,"column":0},"end":{"line":249,"column":13}},"249":{"start":{"line":250,"column":0},"end":{"line":250,"column":12}},"250":{"start":{"line":251,"column":0},"end":{"line":251,"column":14}},"251":{"start":{"line":252,"column":0},"end":{"line":252,"column":72}},"252":{"start":{"line":253,"column":0},"end":{"line":253,"column":25}},"253":{"start":{"line":254,"column":0},"end":{"line":254,"column":25}},"254":{"start":{"line":255,"column":0},"end":{"line":255,"column":53}},"255":{"start":{"line":256,"column":0},"end":{"line":256,"column":68}},"256":{"start":{"line":257,"column":0},"end":{"line":257,"column":12}},"257":{"start":{"line":258,"column":0},"end":{"line":258,"column":13}},"258":{"start":{"line":259,"column":0},"end":{"line":259,"column":12}},"259":{"start":{"line":260,"column":0},"end":{"line":260,"column":14}},"260":{"start":{"line":261,"column":0},"end":{"line":261,"column":71}},"261":{"start":{"line":262,"column":0},"end":{"line":262,"column":24}},"262":{"start":{"line":263,"column":0},"end":{"line":263,"column":25}},"263":{"start":{"line":264,"column":0},"end":{"line":264,"column":77}},"264":{"start":{"line":265,"column":0},"end":{"line":265,"column":52}},"265":{"start":{"line":266,"column":0},"end":{"line":266,"column":12}},"266":{"start":{"line":267,"column":0},"end":{"line":267,"column":13}},"267":{"start":{"line":268,"column":0},"end":{"line":268,"column":11}},"268":{"start":{"line":269,"column":0},"end":{"line":269,"column":10}},"270":{"start":{"line":271,"column":0},"end":{"line":271,"column":1}},"272":{"start":{"line":273,"column":0},"end":{"line":273,"column":21}}},"s":{"0":1,"1":1,"8":1,"9":1,"10":1,"13":9,"14":9,"15":9,"17":9,"19":9,"21":9,"22":0,"23":0,"25":9,"26":3,"27":3,"28":3,"29":0,"30":0,"31":0,"32":0,"34":3,"36":3,"37":3,"38":3,"39":3,"40":3,"41":3,"42":3,"43":3,"44":3,"45":3,"46":3,"49":3,"51":3,"52":3,"53":3,"54":3,"55":3,"56":3,"57":3,"60":3,"61":0,"62":0,"63":0,"64":0,"65":0,"66":0,"67":0,"68":0,"69":0,"70":0,"71":0,"72":0,"73":0,"74":0,"75":0,"76":0,"79":3,"80":3,"81":3,"82":3,"83":3,"84":3,"85":3,"86":3,"87":3,"88":3,"89":3,"90":3,"91":3,"92":3,"93":3,"94":3,"95":3,"96":3,"97":3,"98":3,"99":3,"100":3,"101":3,"102":3,"103":3,"104":3,"105":3,"106":3,"107":3,"108":3,"109":3,"110":3,"111":3,"112":3,"113":3,"114":3,"115":3,"116":3,"117":3,"118":3,"120":3,"122":9,"123":1,"124":1,"125":1,"126":0,"127":0,"128":0,"129":0,"131":1,"133":1,"134":1,"135":1,"136":1,"137":1,"138":1,"139":1,"140":1,"141":1,"142":1,"143":1,"144":1,"145":1,"146":1,"147":1,"148":1,"149":1,"150":1,"151":1,"152":1,"153":1,"154":1,"155":1,"156":1,"157":1,"158":1,"159":1,"160":1,"161":1,"162":1,"163":1,"164":1,"165":1,"166":1,"167":1,"168":1,"169":1,"170":1,"172":1,"174":5,"175":5,"176":5,"177":1,"178":1,"179":1,"180":1,"182":4,"184":9,"185":9,"186":9,"187":9,"188":9,"189":9,"190":9,"191":9,"192":9,"193":9,"194":9,"197":9,"199":9,"200":5,"201":5,"202":5,"203":5,"204":5,"205":5,"208":9,"209":0,"210":0,"211":0,"212":0,"213":0,"214":0,"215":0,"216":0,"217":0,"218":0,"219":0,"220":0,"221":0,"222":0,"223":0,"224":0,"227":9,"228":9,"229":9,"230":9,"231":9,"232":9,"233":9,"234":9,"235":9,"236":9,"237":9,"238":9,"239":9,"240":9,"241":9,"242":9,"243":9,"244":9,"245":9,"246":9,"247":9,"248":9,"249":9,"250":9,"251":9,"252":9,"253":9,"254":9,"255":9,"256":9,"257":9,"258":9,"259":9,"260":9,"261":9,"262":9,"263":9,"264":9,"265":9,"266":9,"267":9,"268":9,"270":9,"272":1},"branchMap":{"0":{"type":"branch","line":14,"loc":{"start":{"line":14,"column":0},"end":{"line":271,"column":1}},"locations":[{"start":{"line":14,"column":0},"end":{"line":271,"column":1}}]},"1":{"type":"branch","line":26,"loc":{"start":{"line":26,"column":15},"end":{"line":121,"column":3}},"locations":[{"start":{"line":26,"column":15},"end":{"line":121,"column":3}}]},"2":{"type":"branch","line":29,"loc":{"start":{"line":29,"column":9},"end":{"line":33,"column":13}},"locations":[{"start":{"line":29,"column":9},"end":{"line":33,"column":13}}]},"3":{"type":"branch","line":61,"loc":{"start":{"line":61,"column":27},"end":{"line":77,"column":16}},"locations":[{"start":{"line":61,"column":27},"end":{"line":77,"column":16}}]},"4":{"type":"branch","line":86,"loc":{"start":{"line":86,"column":50},"end":{"line":86,"column":72}},"locations":[{"start":{"line":86,"column":50},"end":{"line":86,"column":72}}]},"5":{"type":"branch","line":95,"loc":{"start":{"line":95,"column":35},"end":{"line":95,"column":65}},"locations":[{"start":{"line":95,"column":35},"end":{"line":95,"column":65}}]},"6":{"type":"branch","line":103,"loc":{"start":{"line":103,"column":35},"end":{"line":103,"column":66}},"locations":[{"start":{"line":103,"column":35},"end":{"line":103,"column":66}}]},"7":{"type":"branch","line":111,"loc":{"start":{"line":111,"column":35},"end":{"line":111,"column":65}},"locations":[{"start":{"line":111,"column":35},"end":{"line":111,"column":65}}]},"8":{"type":"branch","line":121,"loc":{"start":{"line":121,"column":2},"end":{"line":123,"column":13}},"locations":[{"start":{"line":121,"column":2},"end":{"line":123,"column":13}}]},"9":{"type":"branch","line":123,"loc":{"start":{"line":123,"column":13},"end":{"line":173,"column":3}},"locations":[{"start":{"line":123,"column":13},"end":{"line":173,"column":3}}]},"10":{"type":"branch","line":126,"loc":{"start":{"line":126,"column":9},"end":{"line":130,"column":13}},"locations":[{"start":{"line":126,"column":9},"end":{"line":130,"column":13}}]},"11":{"type":"branch","line":138,"loc":{"start":{"line":138,"column":50},"end":{"line":138,"column":72}},"locations":[{"start":{"line":138,"column":50},"end":{"line":138,"column":72}}]},"12":{"type":"branch","line":147,"loc":{"start":{"line":147,"column":35},"end":{"line":147,"column":65}},"locations":[{"start":{"line":147,"column":35},"end":{"line":147,"column":65}}]},"13":{"type":"branch","line":155,"loc":{"start":{"line":155,"column":35},"end":{"line":155,"column":66}},"locations":[{"start":{"line":155,"column":35},"end":{"line":155,"column":66}}]},"14":{"type":"branch","line":163,"loc":{"start":{"line":163,"column":35},"end":{"line":163,"column":65}},"locations":[{"start":{"line":163,"column":35},"end":{"line":163,"column":65}}]},"15":{"type":"branch","line":173,"loc":{"start":{"line":173,"column":2},"end":{"line":177,"column":24}},"locations":[{"start":{"line":173,"column":2},"end":{"line":177,"column":24}}]},"16":{"type":"branch","line":177,"loc":{"start":{"line":177,"column":7},"end":{"line":181,"column":13}},"locations":[{"start":{"line":177,"column":7},"end":{"line":181,"column":13}}]},"17":{"type":"branch","line":181,"loc":{"start":{"line":181,"column":8},"end":{"line":183,"column":25}},"locations":[{"start":{"line":181,"column":8},"end":{"line":183,"column":25}}]},"18":{"type":"branch","line":200,"loc":{"start":{"line":200,"column":25},"end":{"line":206,"column":14}},"locations":[{"start":{"line":200,"column":25},"end":{"line":206,"column":14}}]},"19":{"type":"branch","line":209,"loc":{"start":{"line":209,"column":25},"end":{"line":225,"column":14}},"locations":[{"start":{"line":209,"column":25},"end":{"line":225,"column":14}}]},"20":{"type":"branch","line":234,"loc":{"start":{"line":234,"column":33},"end":{"line":234,"column":62}},"locations":[{"start":{"line":234,"column":33},"end":{"line":234,"column":62}}]},"21":{"type":"branch","line":234,"loc":{"start":{"line":234,"column":48},"end":{"line":234,"column":70}},"locations":[{"start":{"line":234,"column":48},"end":{"line":234,"column":70}}]},"22":{"type":"branch","line":237,"loc":{"start":{"line":237,"column":45},"end":{"line":237,"column":65}},"locations":[{"start":{"line":237,"column":45},"end":{"line":237,"column":65}}]},"23":{"type":"branch","line":237,"loc":{"start":{"line":237,"column":60},"end":{"line":237,"column":73}},"locations":[{"start":{"line":237,"column":60},"end":{"line":237,"column":73}}]},"24":{"type":"branch","line":243,"loc":{"start":{"line":243,"column":33},"end":{"line":243,"column":63}},"locations":[{"start":{"line":243,"column":33},"end":{"line":243,"column":63}}]},"25":{"type":"branch","line":243,"loc":{"start":{"line":243,"column":49},"end":{"line":243,"column":71}},"locations":[{"start":{"line":243,"column":49},"end":{"line":243,"column":71}}]},"26":{"type":"branch","line":247,"loc":{"start":{"line":247,"column":37},"end":{"line":247,"column":58}},"locations":[{"start":{"line":247,"column":37},"end":{"line":247,"column":58}}]},"27":{"type":"branch","line":247,"loc":{"start":{"line":247,"column":53},"end":{"line":247,"column":67}},"locations":[{"start":{"line":247,"column":53},"end":{"line":247,"column":67}}]},"28":{"type":"branch","line":252,"loc":{"start":{"line":252,"column":33},"end":{"line":252,"column":64}},"locations":[{"start":{"line":252,"column":33},"end":{"line":252,"column":64}}]},"29":{"type":"branch","line":252,"loc":{"start":{"line":252,"column":50},"end":{"line":252,"column":72}},"locations":[{"start":{"line":252,"column":50},"end":{"line":252,"column":72}}]},"30":{"type":"branch","line":256,"loc":{"start":{"line":256,"column":37},"end":{"line":256,"column":59}},"locations":[{"start":{"line":256,"column":37},"end":{"line":256,"column":59}}]},"31":{"type":"branch","line":256,"loc":{"start":{"line":256,"column":54},"end":{"line":256,"column":68}},"locations":[{"start":{"line":256,"column":54},"end":{"line":256,"column":68}}]},"32":{"type":"branch","line":261,"loc":{"start":{"line":261,"column":33},"end":{"line":261,"column":63}},"locations":[{"start":{"line":261,"column":33},"end":{"line":261,"column":63}}]},"33":{"type":"branch","line":261,"loc":{"start":{"line":261,"column":49},"end":{"line":261,"column":71}},"locations":[{"start":{"line":261,"column":49},"end":{"line":261,"column":71}}]},"34":{"type":"branch","line":264,"loc":{"start":{"line":264,"column":45},"end":{"line":264,"column":66}},"locations":[{"start":{"line":264,"column":45},"end":{"line":264,"column":66}}]},"35":{"type":"branch","line":264,"loc":{"start":{"line":264,"column":61},"end":{"line":264,"column":74}},"locations":[{"start":{"line":264,"column":61},"end":{"line":264,"column":74}}]},"36":{"type":"branch","line":54,"loc":{"start":{"line":54,"column":28},"end":{"line":54,"column":61}},"locations":[{"start":{"line":54,"column":28},"end":{"line":54,"column":61}}]},"37":{"type":"branch","line":54,"loc":{"start":{"line":54,"column":49},"end":{"line":54,"column":57}},"locations":[{"start":{"line":54,"column":49},"end":{"line":54,"column":57}}]},"38":{"type":"branch","line":54,"loc":{"start":{"line":54,"column":53},"end":{"line":54,"column":61}},"locations":[{"start":{"line":54,"column":53},"end":{"line":54,"column":61}}]},"39":{"type":"branch","line":202,"loc":{"start":{"line":202,"column":26},"end":{"line":202,"column":60}},"locations":[{"start":{"line":202,"column":26},"end":{"line":202,"column":60}}]},"40":{"type":"branch","line":202,"loc":{"start":{"line":202,"column":47},"end":{"line":202,"column":55}},"locations":[{"start":{"line":202,"column":47},"end":{"line":202,"column":55}}]},"41":{"type":"branch","line":202,"loc":{"start":{"line":202,"column":51},"end":{"line":202,"column":60}},"locations":[{"start":{"line":202,"column":51},"end":{"line":202,"column":60}}]},"42":{"type":"branch","line":246,"loc":{"start":{"line":246,"column":18},"end":{"line":246,"column":52}},"locations":[{"start":{"line":246,"column":18},"end":{"line":246,"column":52}}]}},"b":{"0":[9],"1":[3],"2":[0],"3":[0],"4":[0],"5":[0],"6":[0],"7":[0],"8":[6],"9":[1],"10":[0],"11":[0],"12":[0],"13":[0],"14":[0],"15":[5],"16":[1],"17":[4],"18":[5],"19":[0],"20":[4],"21":[1],"22":[4],"23":[1],"24":[1],"25":[4],"26":[1],"27":[4],"28":[0],"29":[5],"30":[0],"31":[5],"32":[0],"33":[5],"34":[0],"35":[5],"36":[20],"37":[12],"38":[8],"39":[52],"40":[32],"41":[20],"42":[1]},"fnMap":{"0":{"name":"Chart","decl":{"start":{"line":14,"column":0},"end":{"line":271,"column":1}},"loc":{"start":{"line":14,"column":0},"end":{"line":271,"column":1}},"line":14},"1":{"name":"handleZoom","decl":{"start":{"line":22,"column":21},"end":{"line":24,"column":4}},"loc":{"start":{"line":22,"column":21},"end":{"line":24,"column":4}},"line":22},"2":{"name":"tickFormat","decl":{"start":{"line":54,"column":28},"end":{"line":54,"column":61}},"loc":{"start":{"line":54,"column":28},"end":{"line":54,"column":61}},"line":54},"3":{"name":"tickFormat","decl":{"start":{"line":63,"column":28},"end":{"line":68,"column":18}},"loc":{"start":{"line":63,"column":28},"end":{"line":68,"column":18}},"line":63},"4":{"name":"func","decl":{"start":{"line":90,"column":20},"end":{"line":90,"column":53}},"loc":{"start":{"line":90,"column":20},"end":{"line":90,"column":53}},"line":90},"5":{"name":"func","decl":{"start":{"line":98,"column":20},"end":{"line":98,"column":54}},"loc":{"start":{"line":98,"column":20},"end":{"line":98,"column":54}},"line":98},"6":{"name":"func","decl":{"start":{"line":106,"column":20},"end":{"line":106,"column":55}},"loc":{"start":{"line":106,"column":20},"end":{"line":106,"column":55}},"line":106},"7":{"name":"func","decl":{"start":{"line":115,"column":20},"end":{"line":115,"column":54}},"loc":{"start":{"line":115,"column":20},"end":{"line":115,"column":54}},"line":115},"8":{"name":"func","decl":{"start":{"line":142,"column":20},"end":{"line":142,"column":53}},"loc":{"start":{"line":142,"column":20},"end":{"line":142,"column":53}},"line":142},"9":{"name":"func","decl":{"start":{"line":150,"column":20},"end":{"line":150,"column":54}},"loc":{"start":{"line":150,"column":20},"end":{"line":150,"column":54}},"line":150},"10":{"name":"func","decl":{"start":{"line":158,"column":20},"end":{"line":158,"column":55}},"loc":{"start":{"line":158,"column":20},"end":{"line":158,"column":55}},"line":158},"11":{"name":"func","decl":{"start":{"line":167,"column":20},"end":{"line":167,"column":54}},"loc":{"start":{"line":167,"column":20},"end":{"line":167,"column":54}},"line":167},"12":{"name":"tickFormat","decl":{"start":{"line":202,"column":26},"end":{"line":202,"column":60}},"loc":{"start":{"line":202,"column":26},"end":{"line":202,"column":60}},"line":202},"13":{"name":"tickFormat","decl":{"start":{"line":211,"column":26},"end":{"line":216,"column":16}},"loc":{"start":{"line":211,"column":26},"end":{"line":216,"column":16}},"line":211},"14":{"name":"func","decl":{"start":{"line":238,"column":18},"end":{"line":238,"column":51}},"loc":{"start":{"line":238,"column":18},"end":{"line":238,"column":51}},"line":238},"15":{"name":"func","decl":{"start":{"line":246,"column":18},"end":{"line":246,"column":52}},"loc":{"start":{"line":246,"column":18},"end":{"line":246,"column":52}},"line":246},"16":{"name":"func","decl":{"start":{"line":255,"column":18},"end":{"line":255,"column":53}},"loc":{"start":{"line":255,"column":18},"end":{"line":255,"column":53}},"line":255},"17":{"name":"func","decl":{"start":{"line":265,"column":18},"end":{"line":265,"column":52}},"loc":{"start":{"line":265,"column":18},"end":{"line":265,"column":52}},"line":265}},"f":{"0":9,"1":0,"2":20,"3":0,"4":0,"5":0,"6":0,"7":0,"8":0,"9":0,"10":0,"11":0,"12":52,"13":0,"14":0,"15":1,"16":0,"17":0}}
,"C:\\Users\\vitor\\OneDrive\\Documentos\\Work\\Exchange_of_Currencies\\Exchange_Front\\src\\components\\CurencyConverter.tsx": {"path":"C:\\Users\\vitor\\OneDrive\\Documentos\\Work\\Exchange_of_Currencies\\Exchange_Front\\src\\components\\CurencyConverter.tsx","all":false,"statementMap":{"0":{"start":{"line":1,"column":0},"end":{"line":1,"column":53}},"1":{"start":{"line":2,"column":0},"end":{"line":2,"column":34}},"2":{"start":{"line":3,"column":0},"end":{"line":3,"column":28}},"3":{"start":{"line":4,"column":0},"end":{"line":4,"column":49}},"4":{"start":{"line":5,"column":0},"end":{"line":5,"column":24}},"5":{"start":{"line":6,"column":0},"end":{"line":6,"column":43}},"6":{"start":{"line":7,"column":0},"end":{"line":7,"column":62}},"9":{"start":{"line":10,"column":0},"end":{"line":10,"column":104}},"10":{"start":{"line":11,"column":0},"end":{"line":11,"column":50}},"11":{"start":{"line":12,"column":0},"end":{"line":12,"column":66}},"12":{"start":{"line":13,"column":0},"end":{"line":13,"column":46}},"13":{"start":{"line":14,"column":0},"end":{"line":14,"column":77}},"14":{"start":{"line":15,"column":0},"end":{"line":15,"column":23}},"15":{"start":{"line":16,"column":0},"end":{"line":16,"column":16}},"16":{"start":{"line":17,"column":0},"end":{"line":17,"column":55}},"17":{"start":{"line":18,"column":0},"end":{"line":18,"column":15}},"18":{"start":{"line":19,"column":0},"end":{"line":19,"column":5}},"20":{"start":{"line":21,"column":0},"end":{"line":21,"column":33}},"22":{"start":{"line":23,"column":0},"end":{"line":23,"column":73}},"24":{"start":{"line":25,"column":0},"end":{"line":25,"column":27}},"25":{"start":{"line":26,"column":0},"end":{"line":26,"column":43}},"26":{"start":{"line":27,"column":0},"end":{"line":27,"column":26}},"27":{"start":{"line":28,"column":0},"end":{"line":28,"column":4}},"29":{"start":{"line":30,"column":0},"end":{"line":30,"column":56}},"30":{"start":{"line":31,"column":0},"end":{"line":31,"column":19}},"31":{"start":{"line":32,"column":0},"end":{"line":32,"column":28}},"32":{"start":{"line":33,"column":0},"end":{"line":33,"column":12}},"33":{"start":{"line":34,"column":0},"end":{"line":34,"column":5}},"34":{"start":{"line":35,"column":0},"end":{"line":35,"column":64}},"35":{"start":{"line":36,"column":0},"end":{"line":36,"column":29}},"36":{"start":{"line":37,"column":0},"end":{"line":37,"column":63}},"37":{"start":{"line":38,"column":0},"end":{"line":38,"column":31}},"38":{"start":{"line":39,"column":0},"end":{"line":39,"column":59}},"39":{"start":{"line":40,"column":0},"end":{"line":40,"column":31}},"40":{"start":{"line":41,"column":0},"end":{"line":41,"column":9}},"41":{"start":{"line":42,"column":0},"end":{"line":42,"column":5}},"42":{"start":{"line":43,"column":0},"end":{"line":43,"column":49}},"44":{"start":{"line":45,"column":0},"end":{"line":45,"column":10}},"45":{"start":{"line":46,"column":0},"end":{"line":46,"column":58}},"46":{"start":{"line":47,"column":0},"end":{"line":47,"column":76}},"47":{"start":{"line":48,"column":0},"end":{"line":48,"column":114}},"48":{"start":{"line":49,"column":0},"end":{"line":49,"column":138}},"49":{"start":{"line":50,"column":0},"end":{"line":50,"column":17}},"50":{"start":{"line":51,"column":0},"end":{"line":51,"column":54}},"51":{"start":{"line":52,"column":0},"end":{"line":52,"column":41}},"53":{"start":{"line":54,"column":0},"end":{"line":54,"column":10}},"54":{"start":{"line":55,"column":0},"end":{"line":55,"column":14}},"55":{"start":{"line":56,"column":0},"end":{"line":56,"column":23}},"56":{"start":{"line":57,"column":0},"end":{"line":57,"column":27}},"57":{"start":{"line":58,"column":0},"end":{"line":58,"column":33}},"58":{"start":{"line":59,"column":0},"end":{"line":59,"column":31}},"59":{"start":{"line":60,"column":0},"end":{"line":60,"column":53}},"60":{"start":{"line":61,"column":0},"end":{"line":61,"column":10}},"61":{"start":{"line":62,"column":0},"end":{"line":62,"column":14}},"62":{"start":{"line":63,"column":0},"end":{"line":63,"column":21}},"63":{"start":{"line":64,"column":0},"end":{"line":64,"column":57}},"64":{"start":{"line":65,"column":0},"end":{"line":65,"column":21}},"65":{"start":{"line":66,"column":0},"end":{"line":66,"column":31}},"66":{"start":{"line":67,"column":0},"end":{"line":67,"column":68}},"67":{"start":{"line":68,"column":0},"end":{"line":68,"column":10}},"68":{"start":{"line":69,"column":0},"end":{"line":69,"column":14}},"69":{"start":{"line":70,"column":0},"end":{"line":70,"column":23}},"70":{"start":{"line":71,"column":0},"end":{"line":71,"column":59}},"71":{"start":{"line":72,"column":0},"end":{"line":72,"column":40}},"72":{"start":{"line":73,"column":0},"end":{"line":73,"column":13}},"73":{"start":{"line":74,"column":0},"end":{"line":74,"column":21}},"74":{"start":{"line":75,"column":0},"end":{"line":75,"column":31}},"75":{"start":{"line":76,"column":0},"end":{"line":76,"column":68}},"76":{"start":{"line":77,"column":0},"end":{"line":77,"column":10}},"77":{"start":{"line":78,"column":0},"end":{"line":78,"column":46}},"78":{"start":{"line":79,"column":0},"end":{"line":79,"column":14}},"79":{"start":{"line":80,"column":0},"end":{"line":80,"column":28}},"80":{"start":{"line":81,"column":0},"end":{"line":81,"column":29}},"81":{"start":{"line":82,"column":0},"end":{"line":82,"column":33}},"82":{"start":{"line":83,"column":0},"end":{"line":83,"column":25}},"83":{"start":{"line":84,"column":0},"end":{"line":84,"column":37}},"84":{"start":{"line":85,"column":0},"end":{"line":85,"column":22}},"85":{"start":{"line":86,"column":0},"end":{"line":86,"column":15}},"86":{"start":{"line":87,"column":0},"end":{"line":87,"column":50}},"87":{"start":{"line":88,"column":0},"end":{"line":88,"column":31}},"88":{"start":{"line":89,"column":0},"end":{"line":89,"column":14}},"89":{"start":{"line":90,"column":0},"end":{"line":90,"column":12}},"91":{"start":{"line":92,"column":0},"end":{"line":92,"column":15}},"93":{"start":{"line":94,"column":0},"end":{"line":94,"column":12}},"94":{"start":{"line":95,"column":0},"end":{"line":95,"column":10}},"96":{"start":{"line":97,"column":0},"end":{"line":97,"column":1}},"98":{"start":{"line":99,"column":0},"end":{"line":99,"column":32}}},"s":{"0":1,"1":1,"2":1,"3":1,"4":1,"5":1,"6":1,"9":17,"10":17,"11":17,"12":17,"13":17,"14":17,"15":17,"16":17,"17":17,"18":17,"20":17,"22":17,"24":17,"25":17,"26":17,"27":17,"29":17,"30":17,"31":9,"32":1,"33":1,"34":9,"35":5,"36":5,"37":5,"38":5,"39":5,"40":5,"41":5,"42":17,"44":17,"45":17,"46":17,"47":17,"48":17,"49":17,"50":17,"51":0,"53":17,"54":17,"55":17,"56":17,"57":17,"58":17,"59":17,"60":17,"61":17,"62":17,"63":17,"64":17,"65":17,"66":17,"67":17,"68":17,"69":17,"70":17,"71":17,"72":17,"73":17,"74":17,"75":17,"76":17,"77":17,"78":11,"79":11,"80":11,"81":11,"82":11,"83":2,"84":1,"85":1,"86":1,"87":1,"88":2,"89":11,"91":6,"93":17,"94":17,"96":17,"98":1},"branchMap":{"0":{"type":"branch","line":10,"loc":{"start":{"line":10,"column":0},"end":{"line":97,"column":1}},"locations":[{"start":{"line":10,"column":0},"end":{"line":97,"column":1}}]},"1":{"type":"branch","line":12,"loc":{"start":{"line":12,"column":51},"end":{"line":12,"column":64}},"locations":[{"start":{"line":12,"column":51},"end":{"line":12,"column":64}}]},"2":{"type":"branch","line":43,"loc":{"start":{"line":43,"column":6},"end":{"line":43,"column":26}},"locations":[{"start":{"line":43,"column":6},"end":{"line":43,"column":26}}]},"3":{"type":"branch","line":48,"loc":{"start":{"line":48,"column":56},"end":{"line":48,"column":104}},"locations":[{"start":{"line":48,"column":56},"end":{"line":48,"column":104}}]},"4":{"type":"branch","line":48,"loc":{"start":{"line":48,"column":60},"end":{"line":48,"column":107}},"locations":[{"start":{"line":48,"column":60},"end":{"line":48,"column":107}}]},"5":{"type":"branch","line":64,"loc":{"start":{"line":64,"column":43},"end":{"line":64,"column":57}},"locations":[{"start":{"line":64,"column":43},"end":{"line":64,"column":57}}]},"6":{"type":"branch","line":71,"loc":{"start":{"line":71,"column":47},"end":{"line":71,"column":56}},"locations":[{"start":{"line":71,"column":47},"end":{"line":71,"column":56}}]},"7":{"type":"branch","line":72,"loc":{"start":{"line":72,"column":12},"end":{"line":72,"column":35}},"locations":[{"start":{"line":72,"column":12},"end":{"line":72,"column":35}}]},"8":{"type":"branch","line":72,"loc":{"start":{"line":72,"column":26},"end":{"line":72,"column":40}},"locations":[{"start":{"line":72,"column":26},"end":{"line":72,"column":40}}]},"9":{"type":"branch","line":78,"loc":{"start":{"line":78,"column":30},"end":{"line":90,"column":12}},"locations":[{"start":{"line":78,"column":30},"end":{"line":90,"column":12}}]},"10":{"type":"branch","line":90,"loc":{"start":{"line":90,"column":10},"end":{"line":92,"column":15}},"locations":[{"start":{"line":90,"column":10},"end":{"line":92,"column":15}}]},"11":{"type":"branch","line":23,"loc":{"start":{"line":23,"column":12},"end":{"line":23,"column":61}},"locations":[{"start":{"line":23,"column":12},"end":{"line":23,"column":61}}]},"12":{"type":"branch","line":23,"loc":{"start":{"line":23,"column":45},"end":{"line":23,"column":58}},"locations":[{"start":{"line":23,"column":45},"end":{"line":23,"column":58}}]},"13":{"type":"branch","line":26,"loc":{"start":{"line":26,"column":4},"end":{"line":26,"column":43}},"locations":[{"start":{"line":26,"column":4},"end":{"line":26,"column":43}}]},"14":{"type":"branch","line":31,"loc":{"start":{"line":31,"column":12},"end":{"line":43,"column":5}},"locations":[{"start":{"line":31,"column":12},"end":{"line":43,"column":5}}]},"15":{"type":"branch","line":32,"loc":{"start":{"line":32,"column":27},"end":{"line":34,"column":5}},"locations":[{"start":{"line":32,"column":27},"end":{"line":34,"column":5}}]},"16":{"type":"branch","line":34,"loc":{"start":{"line":34,"column":4},"end":{"line":35,"column":30}},"locations":[{"start":{"line":34,"column":4},"end":{"line":35,"column":30}}]},"17":{"type":"branch","line":35,"loc":{"start":{"line":35,"column":8},"end":{"line":35,"column":30}},"locations":[{"start":{"line":35,"column":8},"end":{"line":35,"column":30}}]},"18":{"type":"branch","line":35,"loc":{"start":{"line":35,"column":22},"end":{"line":35,"column":63}},"locations":[{"start":{"line":35,"column":22},"end":{"line":35,"column":63}}]},"19":{"type":"branch","line":35,"loc":{"start":{"line":35,"column":63},"end":{"line":42,"column":5}},"locations":[{"start":{"line":35,"column":63},"end":{"line":42,"column":5}}]},"20":{"type":"branch","line":37,"loc":{"start":{"line":37,"column":41},"end":{"line":37,"column":60}},"locations":[{"start":{"line":37,"column":41},"end":{"line":37,"column":60}}]},"21":{"type":"branch","line":60,"loc":{"start":{"line":60,"column":18},"end":{"line":60,"column":53}},"locations":[{"start":{"line":60,"column":18},"end":{"line":60,"column":53}}]},"22":{"type":"branch","line":83,"loc":{"start":{"line":83,"column":18},"end":{"line":89,"column":14}},"locations":[{"start":{"line":83,"column":18},"end":{"line":89,"column":14}}]},"23":{"type":"branch","line":84,"loc":{"start":{"line":84,"column":36},"end":{"line":88,"column":31}},"locations":[{"start":{"line":84,"column":36},"end":{"line":88,"column":31}}]}},"b":{"0":[17],"1":[0],"2":[11],"3":[1],"4":[16],"5":[0],"6":[0],"7":[11],"8":[6],"9":[11],"10":[6],"11":[8],"12":[0],"13":[9],"14":[9],"15":[1],"16":[8],"17":[5],"18":[5],"19":[5],"20":[0],"21":[1],"22":[2],"23":[1]},"fnMap":{"0":{"name":"CurencyConverter","decl":{"start":{"line":10,"column":0},"end":{"line":97,"column":1}},"loc":{"start":{"line":10,"column":0},"end":{"line":97,"column":1}},"line":10},"1":{"name":"onChangeValue","decl":{"start":{"line":51,"column":25},"end":{"line":52,"column":41}},"loc":{"start":{"line":51,"column":25},"end":{"line":52,"column":41}},"line":51},"2":{"name":"change","decl":{"start":{"line":60,"column":18},"end":{"line":60,"column":53}},"loc":{"start":{"line":60,"column":18},"end":{"line":60,"column":53}},"line":60},"3":{"name":"func","decl":{"start":{"line":83,"column":18},"end":{"line":89,"column":14}},"loc":{"start":{"line":83,"column":18},"end":{"line":89,"column":14}},"line":83}},"f":{"0":17,"1":0,"2":1,"3":2}}
,"C:\\Users\\vitor\\OneDrive\\Documentos\\Work\\Exchange_of_Currencies\\Exchange_Front\\src\\components\\Dropdown.tsx": {"path":"C:\\Users\\vitor\\OneDrive\\Documentos\\Work\\Exchange_of_Currencies\\Exchange_Front\\src\\components\\Dropdown.tsx","all":false,"statementMap":{"0":{"start":{"line":1,"column":0},"end":{"line":1,"column":33}},"1":{"start":{"line":2,"column":0},"end":{"line":2,"column":59}},"4":{"start":{"line":5,"column":0},"end":{"line":5,"column":80}},"5":{"start":{"line":6,"column":0},"end":{"line":6,"column":46}},"6":{"start":{"line":7,"column":0},"end":{"line":7,"column":44}},"8":{"start":{"line":9,"column":0},"end":{"line":9,"column":32}},"9":{"start":{"line":10,"column":0},"end":{"line":10,"column":23}},"10":{"start":{"line":11,"column":0},"end":{"line":11,"column":4}},"11":{"start":{"line":12,"column":0},"end":{"line":12,"column":53}},"12":{"start":{"line":13,"column":0},"end":{"line":13,"column":28}},"13":{"start":{"line":14,"column":0},"end":{"line":14,"column":33}},"14":{"start":{"line":15,"column":0},"end":{"line":15,"column":21}},"15":{"start":{"line":16,"column":0},"end":{"line":16,"column":3}},"17":{"start":{"line":18,"column":0},"end":{"line":18,"column":10}},"18":{"start":{"line":19,"column":0},"end":{"line":19,"column":43}},"19":{"start":{"line":20,"column":0},"end":{"line":20,"column":13}},"20":{"start":{"line":21,"column":0},"end":{"line":21,"column":32}},"21":{"start":{"line":22,"column":0},"end":{"line":22,"column":125}},"23":{"start":{"line":24,"column":0},"end":{"line":24,"column":39}},"24":{"start":{"line":25,"column":0},"end":{"line":25,"column":15}},"25":{"start":{"line":26,"column":0},"end":{"line":26,"column":18}},"26":{"start":{"line":27,"column":0},"end":{"line":27,"column":53}},"27":{"start":{"line":28,"column":0},"end":{"line":28,"column":13}},"28":{"start":{"line":29,"column":0},"end":{"line":29,"column":23}},"29":{"start":{"line":30,"column":0},"end":{"line":30,"column":42}},"31":{"start":{"line":32,"column":0},"end":{"line":32,"column":62}},"33":{"start":{"line":34,"column":0},"end":{"line":34,"column":28}},"34":{"start":{"line":35,"column":0},"end":{"line":35,"column":37}},"35":{"start":{"line":36,"column":0},"end":{"line":36,"column":14}},"36":{"start":{"line":37,"column":0},"end":{"line":37,"column":11}},"38":{"start":{"line":39,"column":0},"end":{"line":39,"column":15}},"39":{"start":{"line":40,"column":0},"end":{"line":40,"column":13}},"40":{"start":{"line":41,"column":0},"end":{"line":41,"column":23}},"41":{"start":{"line":42,"column":0},"end":{"line":42,"column":42}},"43":{"start":{"line":44,"column":0},"end":{"line":44,"column":62}},"45":{"start":{"line":46,"column":0},"end":{"line":46,"column":28}},"46":{"start":{"line":47,"column":0},"end":{"line":47,"column":37}},"47":{"start":{"line":48,"column":0},"end":{"line":48,"column":14}},"48":{"start":{"line":49,"column":0},"end":{"line":49,"column":11}},"50":{"start":{"line":51,"column":0},"end":{"line":51,"column":15}},"51":{"start":{"line":52,"column":0},"end":{"line":52,"column":13}},"53":{"start":{"line":54,"column":0},"end":{"line":54,"column":10}},"55":{"start":{"line":56,"column":0},"end":{"line":56,"column":1}},"57":{"start":{"line":58,"column":0},"end":{"line":58,"column":24}}},"s":{"0":1,"1":1,"4":26,"5":26,"6":26,"8":26,"9":5,"10":5,"11":26,"12":2,"13":2,"14":2,"15":2,"17":26,"18":26,"19":26,"20":26,"21":26,"23":26,"24":26,"25":26,"26":3,"27":3,"28":3,"29":3,"31":3,"33":3,"34":0,"35":0,"36":3,"38":3,"39":3,"40":3,"41":3,"43":3,"45":3,"46":2,"47":2,"48":3,"50":3,"51":3,"53":26,"55":26,"57":1},"branchMap":{"0":{"type":"branch","line":5,"loc":{"start":{"line":5,"column":0},"end":{"line":56,"column":1}},"locations":[{"start":{"line":5,"column":0},"end":{"line":56,"column":1}}]},"1":{"type":"branch","line":26,"loc":{"start":{"line":26,"column":7},"end":{"line":52,"column":13}},"locations":[{"start":{"line":26,"column":7},"end":{"line":52,"column":13}}]},"2":{"type":"branch","line":32,"loc":{"start":{"line":32,"column":34},"end":{"line":32,"column":60}},"locations":[{"start":{"line":32,"column":34},"end":{"line":32,"column":60}}]},"3":{"type":"branch","line":44,"loc":{"start":{"line":44,"column":26},"end":{"line":44,"column":50}},"locations":[{"start":{"line":44,"column":26},"end":{"line":44,"column":50}}]},"4":{"type":"branch","line":9,"loc":{"start":{"line":9,"column":25},"end":{"line":11,"column":4}},"locations":[{"start":{"line":9,"column":25},"end":{"line":11,"column":4}}]},"5":{"type":"branch","line":12,"loc":{"start":{"line":12,"column":26},"end":{"line":16,"column":3}},"locations":[{"start":{"line":12,"column":26},"end":{"line":16,"column":3}}]},"6":{"type":"branch","line":46,"loc":{"start":{"line":46,"column":21},"end":{"line":48,"column":14}},"locations":[{"start":{"line":46,"column":21},"end":{"line":48,"column":14}}]}},"b":{"0":[26],"1":[3],"2":[0],"3":[0],"4":[5],"5":[2],"6":[2]},"fnMap":{"0":{"name":"Dropdown","decl":{"start":{"line":5,"column":0},"end":{"line":56,"column":1}},"loc":{"start":{"line":5,"column":0},"end":{"line":56,"column":1}},"line":5},"1":{"name":"toggleDropdown","decl":{"start":{"line":9,"column":25},"end":{"line":11,"column":4}},"loc":{"start":{"line":9,"column":25},"end":{"line":11,"column":4}},"line":9},"2":{"name":"handleSelection","decl":{"start":{"line":12,"column":26},"end":{"line":16,"column":3}},"loc":{"start":{"line":12,"column":26},"end":{"line":16,"column":3}},"line":12},"3":{"name":"onClick","decl":{"start":{"line":34,"column":21},"end":{"line":36,"column":14}},"loc":{"start":{"line":34,"column":21},"end":{"line":36,"column":14}},"line":34},"4":{"name":"onClick","decl":{"start":{"line":46,"column":21},"end":{"line":48,"column":14}},"loc":{"start":{"line":46,"column":21},"end":{"line":48,"column":14}},"line":46}},"f":{"0":26,"1":5,"2":2,"3":0,"4":2}}
,"C:\\Users\\vitor\\OneDrive\\Documentos\\Work\\Exchange_of_Currencies\\Exchange_Front\\src\\components\\Hero.tsx": {"path":"C:\\Users\\vitor\\OneDrive\\Documentos\\Work\\Exchange_of_Currencies\\Exchange_Front\\src\\components\\Hero.tsx","all":false,"statementMap":{"0":{"start":{"line":1,"column":0},"end":{"line":1,"column":24}},"2":{"start":{"line":3,"column":0},"end":{"line":3,"column":17}},"3":{"start":{"line":4,"column":0},"end":{"line":4,"column":10}},"4":{"start":{"line":5,"column":0},"end":{"line":5,"column":9}},"5":{"start":{"line":6,"column":0},"end":{"line":6,"column":81}},"6":{"start":{"line":7,"column":0},"end":{"line":7,"column":57}},"9":{"start":{"line":10,"column":0},"end":{"line":10,"column":78}},"10":{"start":{"line":11,"column":0},"end":{"line":11,"column":10}},"11":{"start":{"line":12,"column":0},"end":{"line":12,"column":10}},"12":{"start":{"line":13,"column":0},"end":{"line":13,"column":23}},"13":{"start":{"line":14,"column":0},"end":{"line":14,"column":29}},"14":{"start":{"line":15,"column":0},"end":{"line":15,"column":33}},"15":{"start":{"line":16,"column":0},"end":{"line":16,"column":8}},"16":{"start":{"line":17,"column":0},"end":{"line":17,"column":10}},"18":{"start":{"line":19,"column":0},"end":{"line":19,"column":1}},"20":{"start":{"line":21,"column":0},"end":{"line":21,"column":20}}},"s":{"0":1,"2":4,"3":4,"4":4,"5":4,"6":4,"9":4,"10":4,"11":4,"12":4,"13":4,"14":4,"15":4,"16":4,"18":4,"20":1},"branchMap":{"0":{"type":"branch","line":3,"loc":{"start":{"line":3,"column":0},"end":{"line":19,"column":1}},"locations":[{"start":{"line":3,"column":0},"end":{"line":19,"column":1}}]}},"b":{"0":[4]},"fnMap":{"0":{"name":"Hero","decl":{"start":{"line":3,"column":0},"end":{"line":19,"column":1}},"loc":{"start":{"line":3,"column":0},"end":{"line":19,"column":1}},"line":3}},"f":{"0":4}}
,"C:\\Users\\vitor\\OneDrive\\Documentos\\Work\\Exchange_of_Currencies\\Exchange_Front\\src\\components\\Infocard.tsx": {"path":"C:\\Users\\vitor\\OneDrive\\Documentos\\Work\\Exchange_of_Currencies\\Exchange_Front\\src\\components\\Infocard.tsx","all":false,"statementMap":{"0":{"start":{"line":1,"column":0},"end":{"line":1,"column":24}},"2":{"start":{"line":3,"column":0},"end":{"line":3,"column":19}},"3":{"start":{"line":4,"column":0},"end":{"line":4,"column":8}},"4":{"start":{"line":5,"column":0},"end":{"line":5,"column":7}},"5":{"start":{"line":6,"column":0},"end":{"line":6,"column":8}},"6":{"start":{"line":7,"column":0},"end":{"line":7,"column":16}},"7":{"start":{"line":8,"column":0},"end":{"line":8,"column":4}},"12":{"start":{"line":13,"column":0},"end":{"line":13,"column":4}},"13":{"start":{"line":14,"column":0},"end":{"line":14,"column":10}},"14":{"start":{"line":15,"column":0},"end":{"line":15,"column":120}},"15":{"start":{"line":16,"column":0},"end":{"line":16,"column":68}},"16":{"start":{"line":17,"column":0},"end":{"line":17,"column":55}},"17":{"start":{"line":18,"column":0},"end":{"line":18,"column":45}},"18":{"start":{"line":19,"column":0},"end":{"line":19,"column":10}},"20":{"start":{"line":21,"column":0},"end":{"line":21,"column":1}},"22":{"start":{"line":23,"column":0},"end":{"line":23,"column":24}}},"s":{"0":1,"2":7,"3":7,"4":7,"5":7,"6":7,"7":7,"12":7,"13":7,"14":7,"15":7,"16":7,"17":7,"18":7,"20":7,"22":1},"branchMap":{"0":{"type":"branch","line":3,"loc":{"start":{"line":3,"column":0},"end":{"line":21,"column":1}},"locations":[{"start":{"line":3,"column":0},"end":{"line":21,"column":1}}]}},"b":{"0":[7]},"fnMap":{"0":{"name":"Infocard","decl":{"start":{"line":3,"column":0},"end":{"line":21,"column":1}},"loc":{"start":{"line":3,"column":0},"end":{"line":21,"column":1}},"line":3}},"f":{"0":7}}
,"C:\\Users\\vitor\\OneDrive\\Documentos\\Work\\Exchange_of_Currencies\\Exchange_Front\\src\\components\\Input.tsx": {"path":"C:\\Users\\vitor\\OneDrive\\Documentos\\Work\\Exchange_of_Currencies\\Exchange_Front\\src\\components\\Input.tsx","all":false,"statementMap":{"0":{"start":{"line":1,"column":0},"end":{"line":1,"column":16}},"1":{"start":{"line":2,"column":0},"end":{"line":2,"column":7}},"2":{"start":{"line":3,"column":0},"end":{"line":3,"column":14}},"3":{"start":{"line":4,"column":0},"end":{"line":4,"column":12}},"4":{"start":{"line":5,"column":0},"end":{"line":5,"column":9}},"5":{"start":{"line":6,"column":0},"end":{"line":6,"column":15}},"6":{"start":{"line":7,"column":0},"end":{"line":7,"column":12}},"7":{"start":{"line":8,"column":0},"end":{"line":8,"column":4}},"14":{"start":{"line":15,"column":0},"end":{"line":15,"column":4}},"15":{"start":{"line":16,"column":0},"end":{"line":16,"column":10}},"16":{"start":{"line":17,"column":0},"end":{"line":17,"column":6}},"17":{"start":{"line":18,"column":0},"end":{"line":18,"column":12}},"18":{"start":{"line":19,"column":0},"end":{"line":19,"column":19}},"19":{"start":{"line":20,"column":0},"end":{"line":20,"column":33}},"20":{"start":{"line":21,"column":0},"end":{"line":21,"column":76}},"21":{"start":{"line":22,"column":0},"end":{"line":22,"column":25}},"22":{"start":{"line":23,"column":0},"end":{"line":23,"column":23}},"23":{"start":{"line":24,"column":0},"end":{"line":24,"column":8}},"24":{"start":{"line":25,"column":0},"end":{"line":25,"column":7}},"26":{"start":{"line":27,"column":0},"end":{"line":27,"column":1}},"28":{"start":{"line":29,"column":0},"end":{"line":29,"column":21}}},"s":{"0":111,"1":111,"2":111,"3":111,"4":111,"5":111,"6":111,"7":111,"14":111,"15":111,"16":111,"17":111,"18":111,"19":111,"20":111,"21":111,"22":111,"23":111,"24":111,"26":111,"28":1},"branchMap":{"0":{"type":"branch","line":1,"loc":{"start":{"line":1,"column":0},"end":{"line":27,"column":1}},"locations":[{"start":{"line":1,"column":0},"end":{"line":27,"column":1}}]}},"b":{"0":[111]},"fnMap":{"0":{"name":"Input","decl":{"start":{"line":1,"column":0},"end":{"line":27,"column":1}},"loc":{"start":{"line":1,"column":0},"end":{"line":27,"column":1}},"line":1}},"f":{"0":111}}
,"C:\\Users\\vitor\\OneDrive\\Documentos\\Work\\Exchange_of_Currencies\\Exchange_Front\\src\\components\\Navbar.tsx": {"path":"C:\\Users\\vitor\\OneDrive\\Documentos\\Work\\Exchange_of_Currencies\\Exchange_Front\\src\\components\\Navbar.tsx","all":false,"statementMap":{"0":{"start":{"line":1,"column":0},"end":{"line":1,"column":48}},"1":{"start":{"line":2,"column":0},"end":{"line":2,"column":24}},"2":{"start":{"line":3,"column":0},"end":{"line":3,"column":33}},"3":{"start":{"line":4,"column":0},"end":{"line":4,"column":39}},"5":{"start":{"line":6,"column":0},"end":{"line":6,"column":50}},"6":{"start":{"line":7,"column":0},"end":{"line":7,"column":45}},"8":{"start":{"line":9,"column":0},"end":{"line":9,"column":30}},"9":{"start":{"line":10,"column":0},"end":{"line":10,"column":44}},"10":{"start":{"line":11,"column":0},"end":{"line":11,"column":45}},"11":{"start":{"line":12,"column":0},"end":{"line":12,"column":42}},"12":{"start":{"line":13,"column":0},"end":{"line":13,"column":39}},"13":{"start":{"line":14,"column":0},"end":{"line":14,"column":4}},"15":{"start":{"line":16,"column":0},"end":{"line":16,"column":10}},"16":{"start":{"line":17,"column":0},"end":{"line":17,"column":82}},"17":{"start":{"line":18,"column":0},"end":{"line":18,"column":24}},"18":{"start":{"line":19,"column":0},"end":{"line":19,"column":63}},"19":{"start":{"line":20,"column":0},"end":{"line":20,"column":16}},"21":{"start":{"line":22,"column":0},"end":{"line":22,"column":13}},"22":{"start":{"line":23,"column":0},"end":{"line":23,"column":51}},"23":{"start":{"line":24,"column":0},"end":{"line":24,"column":40}},"24":{"start":{"line":25,"column":0},"end":{"line":25,"column":30}},"26":{"start":{"line":27,"column":0},"end":{"line":27,"column":26}},"27":{"start":{"line":28,"column":0},"end":{"line":28,"column":15}},"28":{"start":{"line":29,"column":0},"end":{"line":29,"column":17}},"29":{"start":{"line":30,"column":0},"end":{"line":30,"column":11}},"30":{"start":{"line":31,"column":0},"end":{"line":31,"column":24}},"31":{"start":{"line":32,"column":0},"end":{"line":32,"column":54}},"32":{"start":{"line":33,"column":0},"end":{"line":33,"column":166}},"34":{"start":{"line":35,"column":0},"end":{"line":35,"column":17}},"35":{"start":{"line":36,"column":0},"end":{"line":36,"column":57}},"36":{"start":{"line":37,"column":0},"end":{"line":37,"column":43}},"38":{"start":{"line":39,"column":0},"end":{"line":39,"column":27}},"39":{"start":{"line":40,"column":0},"end":{"line":40,"column":19}},"41":{"start":{"line":42,"column":0},"end":{"line":42,"column":14}},"42":{"start":{"line":43,"column":0},"end":{"line":43,"column":39}},"43":{"start":{"line":44,"column":0},"end":{"line":44,"column":58}},"44":{"start":{"line":45,"column":0},"end":{"line":45,"column":22}},"45":{"start":{"line":46,"column":0},"end":{"line":46,"column":15}},"46":{"start":{"line":47,"column":0},"end":{"line":47,"column":14}},"47":{"start":{"line":48,"column":0},"end":{"line":48,"column":37}},"48":{"start":{"line":49,"column":0},"end":{"line":49,"column":55}},"49":{"start":{"line":50,"column":0},"end":{"line":50,"column":22}},"50":{"start":{"line":51,"column":0},"end":{"line":51,"column":15}},"51":{"start":{"line":52,"column":0},"end":{"line":52,"column":14}},"52":{"start":{"line":53,"column":0},"end":{"line":53,"column":30}},"53":{"start":{"line":54,"column":0},"end":{"line":54,"column":74}},"54":{"start":{"line":55,"column":0},"end":{"line":55,"column":22}},"55":{"start":{"line":56,"column":0},"end":{"line":56,"column":15}},"56":{"start":{"line":57,"column":0},"end":{"line":57,"column":13}},"58":{"start":{"line":59,"column":0},"end":{"line":59,"column":11}},"59":{"start":{"line":60,"column":0},"end":{"line":60,"column":24}},"60":{"start":{"line":61,"column":0},"end":{"line":61,"column":34}},"61":{"start":{"line":62,"column":0},"end":{"line":62,"column":117}},"63":{"start":{"line":64,"column":0},"end":{"line":64,"column":17}},"64":{"start":{"line":65,"column":0},"end":{"line":65,"column":46}},"65":{"start":{"line":66,"column":0},"end":{"line":66,"column":43}},"66":{"start":{"line":67,"column":0},"end":{"line":67,"column":35}},"68":{"start":{"line":69,"column":0},"end":{"line":69,"column":27}},"69":{"start":{"line":70,"column":0},"end":{"line":70,"column":19}},"71":{"start":{"line":72,"column":0},"end":{"line":72,"column":14}},"72":{"start":{"line":73,"column":0},"end":{"line":73,"column":36}},"73":{"start":{"line":74,"column":0},"end":{"line":74,"column":54}},"74":{"start":{"line":75,"column":0},"end":{"line":75,"column":22}},"75":{"start":{"line":76,"column":0},"end":{"line":76,"column":15}},"76":{"start":{"line":77,"column":0},"end":{"line":77,"column":14}},"77":{"start":{"line":78,"column":0},"end":{"line":78,"column":35}},"78":{"start":{"line":79,"column":0},"end":{"line":79,"column":53}},"79":{"start":{"line":80,"column":0},"end":{"line":80,"column":22}},"80":{"start":{"line":81,"column":0},"end":{"line":81,"column":15}},"81":{"start":{"line":82,"column":0},"end":{"line":82,"column":13}},"83":{"start":{"line":84,"column":0},"end":{"line":84,"column":10}},"85":{"start":{"line":86,"column":0},"end":{"line":86,"column":1}},"87":{"start":{"line":88,"column":0},"end":{"line":88,"column":22}}},"s":{"0":1,"1":1,"2":1,"3":1,"5":12,"6":12,"8":12,"9":1,"10":1,"11":1,"12":1,"13":1,"15":12,"16":12,"17":12,"18":12,"19":12,"21":12,"22":12,"23":12,"24":12,"26":12,"27":12,"28":12,"29":3,"30":3,"31":3,"32":3,"34":3,"35":3,"36":3,"38":3,"39":3,"41":3,"42":3,"43":3,"44":3,"45":3,"46":3,"47":3,"48":3,"49":3,"50":3,"51":3,"52":3,"53":3,"54":3,"55":3,"56":3,"58":9,"59":9,"60":9,"61":9,"63":9,"64":9,"65":9,"66":9,"68":9,"69":9,"71":9,"72":9,"73":9,"74":9,"75":9,"76":9,"77":9,"78":9,"79":9,"80":9,"81":9,"83":12,"85":12,"87":1},"branchMap":{"0":{"type":"branch","line":6,"loc":{"start":{"line":6,"column":0},"end":{"line":86,"column":1}},"locations":[{"start":{"line":6,"column":0},"end":{"line":86,"column":1}}]},"1":{"type":"branch","line":23,"loc":{"start":{"line":23,"column":19},"end":{"line":23,"column":42}},"locations":[{"start":{"line":23,"column":19},"end":{"line":23,"column":42}}]},"2":{"type":"branch","line":23,"loc":{"start":{"line":23,"column":28},"end":{"line":23,"column":51}},"locations":[{"start":{"line":23,"column":28},"end":{"line":23,"column":51}}]},"3":{"type":"branch","line":29,"loc":{"start":{"line":29,"column":7},"end":{"line":57,"column":13}},"locations":[{"start":{"line":29,"column":7},"end":{"line":57,"column":13}}]},"4":{"type":"branch","line":32,"loc":{"start":{"line":32,"column":21},"end":{"line":32,"column":54}},"locations":[{"start":{"line":32,"column":21},"end":{"line":32,"column":54}}]},"5":{"type":"branch","line":57,"loc":{"start":{"line":57,"column":8},"end":{"line":82,"column":13}},"locations":[{"start":{"line":57,"column":8},"end":{"line":82,"column":13}}]},"6":{"type":"branch","line":61,"loc":{"start":{"line":61,"column":12},"end":{"line":61,"column":32}},"locations":[{"start":{"line":61,"column":12},"end":{"line":61,"column":32}}]},"7":{"type":"branch","line":61,"loc":{"start":{"line":61,"column":21},"end":{"line":61,"column":34}},"locations":[{"start":{"line":61,"column":21},"end":{"line":61,"column":34}}]},"8":{"type":"branch","line":9,"loc":{"start":{"line":9,"column":23},"end":{"line":14,"column":4}},"locations":[{"start":{"line":9,"column":23},"end":{"line":14,"column":4}}]},"9":{"type":"branch","line":24,"loc":{"start":{"line":24,"column":17},"end":{"line":24,"column":40}},"locations":[{"start":{"line":24,"column":17},"end":{"line":24,"column":40}}]},"10":{"type":"branch","line":66,"loc":{"start":{"line":66,"column":21},"end":{"line":66,"column":43}},"locations":[{"start":{"line":66,"column":21},"end":{"line":66,"column":43}}]}},"b":{"0":[12],"1":[11],"2":[1],"3":[3],"4":[0],"5":[9],"6":[8],"7":[1],"8":[1],"9":[1],"10":[1]},"fnMap":{"0":{"name":"Navbar","decl":{"start":{"line":6,"column":0},"end":{"line":86,"column":1}},"loc":{"start":{"line":6,"column":0},"end":{"line":86,"column":1}},"line":6},"1":{"name":"handleLogout","decl":{"start":{"line":9,"column":23},"end":{"line":14,"column":4}},"loc":{"start":{"line":9,"column":23},"end":{"line":14,"column":4}},"line":9},"2":{"name":"onClick","decl":{"start":{"line":24,"column":17},"end":{"line":24,"column":40}},"loc":{"start":{"line":24,"column":17},"end":{"line":24,"column":40}},"line":24},"3":{"name":"onClick","decl":{"start":{"line":37,"column":21},"end":{"line":37,"column":43}},"loc":{"start":{"line":37,"column":21},"end":{"line":37,"column":43}},"line":37},"4":{"name":"onClick","decl":{"start":{"line":66,"column":21},"end":{"line":66,"column":43}},"loc":{"start":{"line":66,"column":21},"end":{"line":66,"column":43}},"line":66}},"f":{"0":12,"1":1,"2":1,"3":0,"4":1}}
,"C:\\Users\\vitor\\OneDrive\\Documentos\\Work\\Exchange_of_Currencies\\Exchange_Front\\src\\components\\TransactionHistory.tsx": {"path":"C:\\Users\\vitor\\OneDrive\\Documentos\\Work\\Exchange_of_Currencies\\Exchange_Front\\src\\components\\TransactionHistory.tsx","all":false,"statementMap":{"0":{"start":{"line":1,"column":0},"end":{"line":1,"column":44}},"1":{"start":{"line":2,"column":0},"end":{"line":2,"column":50}},"2":{"start":{"line":3,"column":0},"end":{"line":3,"column":24}},"3":{"start":{"line":4,"column":0},"end":{"line":4,"column":43}},"5":{"start":{"line":6,"column":0},"end":{"line":6,"column":101}},"6":{"start":{"line":7,"column":0},"end":{"line":7,"column":64}},"7":{"start":{"line":8,"column":0},"end":{"line":8,"column":58}},"8":{"start":{"line":9,"column":0},"end":{"line":9,"column":55}},"9":{"start":{"line":10,"column":0},"end":{"line":10,"column":52}},"11":{"start":{"line":12,"column":0},"end":{"line":12,"column":32}},"13":{"start":{"line":14,"column":0},"end":{"line":14,"column":28}},"15":{"start":{"line":16,"column":0},"end":{"line":16,"column":19}},"16":{"start":{"line":17,"column":0},"end":{"line":17,"column":28}},"17":{"start":{"line":18,"column":0},"end":{"line":18,"column":23}},"18":{"start":{"line":19,"column":0},"end":{"line":19,"column":26}},"21":{"start":{"line":22,"column":0},"end":{"line":22,"column":51}},"22":{"start":{"line":23,"column":0},"end":{"line":23,"column":43}},"23":{"start":{"line":24,"column":0},"end":{"line":24,"column":56}},"24":{"start":{"line":25,"column":0},"end":{"line":25,"column":63}},"25":{"start":{"line":26,"column":0},"end":{"line":26,"column":36}},"26":{"start":{"line":27,"column":0},"end":{"line":27,"column":74}},"27":{"start":{"line":28,"column":0},"end":{"line":28,"column":4}},"29":{"start":{"line":30,"column":0},"end":{"line":30,"column":28}},"30":{"start":{"line":31,"column":0},"end":{"line":31,"column":33}},"31":{"start":{"line":32,"column":0},"end":{"line":32,"column":14}},"32":{"start":{"line":33,"column":0},"end":{"line":33,"column":21}},"33":{"start":{"line":34,"column":0},"end":{"line":34,"column":19}},"34":{"start":{"line":35,"column":0},"end":{"line":35,"column":91}},"35":{"start":{"line":36,"column":0},"end":{"line":36,"column":91}},"36":{"start":{"line":37,"column":0},"end":{"line":37,"column":8}},"37":{"start":{"line":38,"column":0},"end":{"line":38,"column":34}},"38":{"start":{"line":39,"column":0},"end":{"line":39,"column":33}},"39":{"start":{"line":40,"column":0},"end":{"line":40,"column":4}},"40":{"start":{"line":41,"column":0},"end":{"line":41,"column":28}},"41":{"start":{"line":42,"column":0},"end":{"line":42,"column":33}},"42":{"start":{"line":43,"column":0},"end":{"line":43,"column":14}},"43":{"start":{"line":44,"column":0},"end":{"line":44,"column":21}},"44":{"start":{"line":45,"column":0},"end":{"line":45,"column":81}},"45":{"start":{"line":46,"column":0},"end":{"line":46,"column":8}},"46":{"start":{"line":47,"column":0},"end":{"line":47,"column":34}},"47":{"start":{"line":48,"column":0},"end":{"line":48,"column":33}},"48":{"start":{"line":49,"column":0},"end":{"line":49,"column":4}},"49":{"start":{"line":50,"column":0},"end":{"line":50,"column":30}},"50":{"start":{"line":51,"column":0},"end":{"line":51,"column":33}},"51":{"start":{"line":52,"column":0},"end":{"line":52,"column":14}},"52":{"start":{"line":53,"column":0},"end":{"line":53,"column":21}},"53":{"start":{"line":54,"column":0},"end":{"line":54,"column":19}},"54":{"start":{"line":55,"column":0},"end":{"line":55,"column":47}},"55":{"start":{"line":56,"column":0},"end":{"line":56,"column":47}},"56":{"start":{"line":57,"column":0},"end":{"line":57,"column":8}},"57":{"start":{"line":58,"column":0},"end":{"line":58,"column":34}},"58":{"start":{"line":59,"column":0},"end":{"line":59,"column":33}},"59":{"start":{"line":60,"column":0},"end":{"line":60,"column":4}},"60":{"start":{"line":61,"column":0},"end":{"line":61,"column":28}},"61":{"start":{"line":62,"column":0},"end":{"line":62,"column":33}},"62":{"start":{"line":63,"column":0},"end":{"line":63,"column":14}},"63":{"start":{"line":64,"column":0},"end":{"line":64,"column":21}},"64":{"start":{"line":65,"column":0},"end":{"line":65,"column":19}},"65":{"start":{"line":66,"column":0},"end":{"line":66,"column":43}},"66":{"start":{"line":67,"column":0},"end":{"line":67,"column":43}},"67":{"start":{"line":68,"column":0},"end":{"line":68,"column":8}},"68":{"start":{"line":69,"column":0},"end":{"line":69,"column":34}},"69":{"start":{"line":70,"column":0},"end":{"line":70,"column":33}},"70":{"start":{"line":71,"column":0},"end":{"line":71,"column":4}},"72":{"start":{"line":73,"column":0},"end":{"line":73,"column":19}},"73":{"start":{"line":74,"column":0},"end":{"line":74,"column":28}},"74":{"start":{"line":75,"column":0},"end":{"line":75,"column":22}},"75":{"start":{"line":76,"column":0},"end":{"line":76,"column":16}},"77":{"start":{"line":78,"column":0},"end":{"line":78,"column":54}},"78":{"start":{"line":79,"column":0},"end":{"line":79,"column":45}},"79":{"start":{"line":80,"column":0},"end":{"line":80,"column":67}},"81":{"start":{"line":82,"column":0},"end":{"line":82,"column":10}},"82":{"start":{"line":83,"column":0},"end":{"line":83,"column":26}},"83":{"start":{"line":84,"column":0},"end":{"line":84,"column":80}},"84":{"start":{"line":85,"column":0},"end":{"line":85,"column":54}},"85":{"start":{"line":86,"column":0},"end":{"line":86,"column":110}},"86":{"start":{"line":87,"column":0},"end":{"line":87,"column":17}},"87":{"start":{"line":88,"column":0},"end":{"line":88,"column":62}},"88":{"start":{"line":89,"column":0},"end":{"line":89,"column":54}},"89":{"start":{"line":90,"column":0},"end":{"line":90,"column":42}},"90":{"start":{"line":91,"column":0},"end":{"line":91,"column":128}},"91":{"start":{"line":92,"column":0},"end":{"line":92,"column":22}},"92":{"start":{"line":93,"column":0},"end":{"line":93,"column":19}},"93":{"start":{"line":94,"column":0},"end":{"line":94,"column":54}},"94":{"start":{"line":95,"column":0},"end":{"line":95,"column":42}},"95":{"start":{"line":96,"column":0},"end":{"line":96,"column":132}},"96":{"start":{"line":97,"column":0},"end":{"line":97,"column":22}},"97":{"start":{"line":98,"column":0},"end":{"line":98,"column":19}},"98":{"start":{"line":99,"column":0},"end":{"line":99,"column":54}},"99":{"start":{"line":100,"column":0},"end":{"line":100,"column":42}},"100":{"start":{"line":101,"column":0},"end":{"line":101,"column":128}},"101":{"start":{"line":102,"column":0},"end":{"line":102,"column":22}},"102":{"start":{"line":103,"column":0},"end":{"line":103,"column":19}},"103":{"start":{"line":104,"column":0},"end":{"line":104,"column":54}},"104":{"start":{"line":105,"column":0},"end":{"line":105,"column":42}},"105":{"start":{"line":106,"column":0},"end":{"line":106,"column":128}},"106":{"start":{"line":107,"column":0},"end":{"line":107,"column":22}},"107":{"start":{"line":108,"column":0},"end":{"line":108,"column":19}},"108":{"start":{"line":109,"column":0},"end":{"line":109,"column":17}},"109":{"start":{"line":110,"column":0},"end":{"line":110,"column":18}},"110":{"start":{"line":111,"column":0},"end":{"line":111,"column":36}},"111":{"start":{"line":112,"column":0},"end":{"line":112,"column":24}},"112":{"start":{"line":113,"column":0},"end":{"line":113,"column":57}},"113":{"start":{"line":114,"column":0},"end":{"line":114,"column":86}},"114":{"start":{"line":115,"column":0},"end":{"line":115,"column":86}},"115":{"start":{"line":116,"column":0},"end":{"line":116,"column":86}},"116":{"start":{"line":117,"column":0},"end":{"line":117,"column":73}},"117":{"start":{"line":118,"column":0},"end":{"line":118,"column":62}},"118":{"start":{"line":119,"column":0},"end":{"line":119,"column":45}},"119":{"start":{"line":120,"column":0},"end":{"line":120,"column":44}},"120":{"start":{"line":121,"column":0},"end":{"line":121,"column":24}},"121":{"start":{"line":122,"column":0},"end":{"line":122,"column":21}},"122":{"start":{"line":123,"column":0},"end":{"line":123,"column":19}},"123":{"start":{"line":124,"column":0},"end":{"line":124,"column":47}},"124":{"start":{"line":125,"column":0},"end":{"line":125,"column":45}},"125":{"start":{"line":126,"column":0},"end":{"line":126,"column":90}},"126":{"start":{"line":127,"column":0},"end":{"line":127,"column":24}},"127":{"start":{"line":128,"column":0},"end":{"line":128,"column":75}},"128":{"start":{"line":129,"column":0},"end":{"line":129,"column":108}},"129":{"start":{"line":130,"column":0},"end":{"line":130,"column":91}},"130":{"start":{"line":131,"column":0},"end":{"line":131,"column":131}},"131":{"start":{"line":132,"column":0},"end":{"line":132,"column":77}},"132":{"start":{"line":133,"column":0},"end":{"line":133,"column":66}},"133":{"start":{"line":134,"column":0},"end":{"line":134,"column":95}},"134":{"start":{"line":135,"column":0},"end":{"line":135,"column":75}},"135":{"start":{"line":136,"column":0},"end":{"line":136,"column":74}},"136":{"start":{"line":137,"column":0},"end":{"line":137,"column":28}},"137":{"start":{"line":138,"column":0},"end":{"line":138,"column":25}},"138":{"start":{"line":139,"column":0},"end":{"line":139,"column":23}},"140":{"start":{"line":141,"column":0},"end":{"line":141,"column":16}},"142":{"start":{"line":143,"column":0},"end":{"line":143,"column":57}},"143":{"start":{"line":144,"column":0},"end":{"line":144,"column":74}},"145":{"start":{"line":146,"column":0},"end":{"line":146,"column":21}},"146":{"start":{"line":147
[...]
,"C:\\Users\\vitor\\OneDrive\\Documentos\\Work\\Exchange_of_Currencies\\Exchange_Front\\src\\services\\apiService.ts": {"path":"C:\\Users\\vitor\\OneDrive\\Documentos\\Work\\Exchange_of_Currencies\\Exchange_Front\\src\\services\\apiService.ts","all":false,"statementMap":{"0":{"start":{"line":1,"column":0},"end":{"line":1,"column":55}},"1":{"start":{"line":2,"column":0},"end":{"line":2,"column":8}},"2":{"start":{"line":3,"column":0},"end":{"line":3,"column":76}},"3":{"start":{"line":4,"column":0},"end":{"line":4,"column":25}},"4":{"start":{"line":5,"column":0},"end":{"line":5,"column":50}},"5":{"start":{"line":6,"column":0},"end":{"line":6,"column":9}},"6":{"start":{"line":7,"column":0},"end":{"line":7,"column":30}},"7":{"start":{"line":8,"column":0},"end":{"line":8,"column":14}},"8":{"start":{"line":9,"column":0},"end":{"line":9,"column":24}},"9":{"start":{"line":10,"column":0},"end":{"line":10,"column":31}},"10":{"start":{"line":11,"column":0},"end":{"line":11,"column":5}},"11":{"start":{"line":12,"column":0},"end":{"line":12,"column":1}},"13":{"start":{"line":14,"column":0},"end":{"line":14,"column":71}},"14":{"start":{"line":15,"column":0},"end":{"line":15,"column":8}},"15":{"start":{"line":16,"column":0},"end":{"line":16,"column":78}},"16":{"start":{"line":17,"column":0},"end":{"line":17,"column":26}},"17":{"start":{"line":18,"column":0},"end":{"line":18,"column":22}},"18":{"start":{"line":19,"column":0},"end":{"line":19,"column":43}},"19":{"start":{"line":20,"column":0},"end":{"line":20,"column":13}},"20":{"start":{"line":21,"column":0},"end":{"line":21,"column":10}},"21":{"start":{"line":22,"column":0},"end":{"line":22,"column":25}},"22":{"start":{"line":23,"column":0},"end":{"line":23,"column":48}},"23":{"start":{"line":24,"column":0},"end":{"line":24,"column":9}},"24":{"start":{"line":25,"column":0},"end":{"line":25,"column":23}},"25":{"start":{"line":26,"column":0},"end":{"line":26,"column":14}},"26":{"start":{"line":27,"column":0},"end":{"line":27,"column":24}},"27":{"start":{"line":28,"column":0},"end":{"line":28,"column":31}},"28":{"start":{"line":29,"column":0},"end":{"line":29,"column":5}},"29":{"start":{"line":30,"column":0},"end":{"line":30,"column":1}},"31":{"start":{"line":32,"column":0},"end":{"line":32,"column":89}},"32":{"start":{"line":33,"column":0},"end":{"line":33,"column":8}},"33":{"start":{"line":34,"column":0},"end":{"line":34,"column":77}},"34":{"start":{"line":35,"column":0},"end":{"line":35,"column":27}},"35":{"start":{"line":36,"column":0},"end":{"line":36,"column":22}},"36":{"start":{"line":37,"column":0},"end":{"line":37,"column":51}},"37":{"start":{"line":38,"column":0},"end":{"line":38,"column":43}},"38":{"start":{"line":39,"column":0},"end":{"line":39,"column":14}},"39":{"start":{"line":40,"column":0},"end":{"line":40,"column":38}},"40":{"start":{"line":41,"column":0},"end":{"line":41,"column":10}},"41":{"start":{"line":42,"column":0},"end":{"line":42,"column":25}},"42":{"start":{"line":43,"column":0},"end":{"line":43,"column":43}},"43":{"start":{"line":44,"column":0},"end":{"line":44,"column":26}},"44":{"start":{"line":45,"column":0},"end":{"line":45,"column":50}},"45":{"start":{"line":46,"column":0},"end":{"line":46,"column":9}},"46":{"start":{"line":47,"column":0},"end":{"line":47,"column":23}},"47":{"start":{"line":48,"column":0},"end":{"line":48,"column":14}},"48":{"start":{"line":49,"column":0},"end":{"line":49,"column":24}},"49":{"start":{"line":50,"column":0},"end":{"line":50,"column":31}},"50":{"start":{"line":51,"column":0},"end":{"line":51,"column":5}},"51":{"start":{"line":52,"column":0},"end":{"line":52,"column":1}},"54":{"start":{"line":55,"column":0},"end":{"line":55,"column":70}},"55":{"start":{"line":56,"column":0},"end":{"line":56,"column":8}},"56":{"start":{"line":57,"column":0},"end":{"line":57,"column":77}},"57":{"start":{"line":58,"column":0},"end":{"line":58,"column":27}},"58":{"start":{"line":59,"column":0},"end":{"line":59,"column":22}},"59":{"start":{"line":60,"column":0},"end":{"line":60,"column":50}},"60":{"start":{"line":61,"column":0},"end":{"line":61,"column":14}},"61":{"start":{"line":62,"column":0},"end":{"line":62,"column":38}},"62":{"start":{"line":63,"column":0},"end":{"line":63,"column":10}},"63":{"start":{"line":64,"column":0},"end":{"line":64,"column":25}},"64":{"start":{"line":65,"column":0},"end":{"line":65,"column":43}},"65":{"start":{"line":66,"column":0},"end":{"line":66,"column":26}},"66":{"start":{"line":67,"column":0},"end":{"line":67,"column":50}},"67":{"start":{"line":68,"column":0},"end":{"line":68,"column":9}},"68":{"start":{"line":69,"column":0},"end":{"line":69,"column":23}},"69":{"start":{"line":70,"column":0},"end":{"line":70,"column":14}},"70":{"start":{"line":71,"column":0},"end":{"line":71,"column":24}},"71":{"start":{"line":72,"column":0},"end":{"line":72,"column":31}},"72":{"start":{"line":73,"column":0},"end":{"line":73,"column":5}},"73":{"start":{"line":74,"column":0},"end":{"line":74,"column":1}}},"s":{"0":1,"1":5,"2":5,"3":3,"4":1,"5":1,"6":1,"7":5,"8":4,"9":4,"10":4,"11":5,"13":1,"14":5,"15":5,"16":5,"17":5,"18":5,"19":5,"20":5,"21":3,"22":1,"23":1,"24":2,"25":3,"26":3,"27":3,"28":3,"29":5,"31":1,"32":3,"33":3,"34":3,"35":3,"36":3,"37":3,"38":3,"39":3,"40":3,"41":3,"42":1,"43":1,"44":1,"45":1,"46":1,"47":3,"48":2,"49":2,"50":2,"51":3,"54":1,"55":6,"56":6,"57":6,"58":6,"59":6,"60":6,"61":6,"62":6,"63":3,"64":1,"65":1,"66":1,"67":1,"68":1,"69":6,"70":5,"71":5,"72":5,"73":6},"branchMap":{"0":{"type":"branch","line":1,"loc":{"start":{"line":1,"column":27},"end":{"line":12,"column":1}},"locations":[{"start":{"line":1,"column":27},"end":{"line":12,"column":1}}]},"1":{"type":"branch","line":3,"loc":{"start":{"line":3,"column":75},"end":{"line":8,"column":11}},"locations":[{"start":{"line":3,"column":75},"end":{"line":8,"column":11}}]},"2":{"type":"branch","line":3,"loc":{"start":{"line":3,"column":75},"end":{"line":4,"column":24}},"locations":[{"start":{"line":3,"column":75},"end":{"line":4,"column":24}}]},"3":{"type":"branch","line":4,"loc":{"start":{"line":4,"column":24},"end":{"line":8,"column":11}},"locations":[{"start":{"line":4,"column":24},"end":{"line":8,"column":11}}]},"4":{"type":"branch","line":8,"loc":{"start":{"line":8,"column":4},"end":{"line":11,"column":5}},"locations":[{"start":{"line":8,"column":4},"end":{"line":11,"column":5}}]},"5":{"type":"branch","line":14,"loc":{"start":{"line":14,"column":28},"end":{"line":30,"column":1}},"locations":[{"start":{"line":14,"column":28},"end":{"line":30,"column":1}}]},"6":{"type":"branch","line":21,"loc":{"start":{"line":21,"column":9},"end":{"line":29,"column":5}},"locations":[{"start":{"line":21,"column":9},"end":{"line":29,"column":5}}]},"7":{"type":"branch","line":21,"loc":{"start":{"line":21,"column":9},"end":{"line":22,"column":24}},"locations":[{"start":{"line":21,"column":9},"end":{"line":22,"column":24}}]},"8":{"type":"branch","line":22,"loc":{"start":{"line":22,"column":24},"end":{"line":24,"column":9}},"locations":[{"start":{"line":22,"column":24},"end":{"line":24,"column":9}}]},"9":{"type":"branch","line":24,"loc":{"start":{"line":24,"column":8},"end":{"line":26,"column":11}},"locations":[{"start":{"line":24,"column":8},"end":{"line":26,"column":11}}]},"10":{"type":"branch","line":32,"loc":{"start":{"line":32,"column":32},"end":{"line":52,"column":1}},"locations":[{"start":{"line":32,"column":32},"end":{"line":52,"column":1}}]},"11":{"type":"branch","line":41,"loc":{"start":{"line":41,"column":9},"end":{"line":42,"column":24}},"locations":[{"start":{"line":41,"column":9},"end":{"line":42,"column":24}}]},"12":{"type":"branch","line":42,"loc":{"start":{"line":42,"column":24},"end":{"line":48,"column":11}},"locations":[{"start":{"line":42,"column":24},"end":{"line":48,"column":11}}]},"13":{"type":"branch","line":48,"loc":{"start":{"line":48,"column":4},"end":{"line":51,"column":5}},"locations":[{"start":{"line":48,"column":4},"end":{"line":51,"column":5}}]},"14":{"type":"branch","line":55,"loc":{"start":{"line":55,"column":28},"end":{"line":74,"column":1}},"locations":[{"start":{"line":55,"column":28},"end":{"line":74,"column":1}}]},"15":{"type":"branch","line":63,"loc":{"start":{"line":63,"column":9},"end":{"line":70,"column":11}},"locations":[{"start":{"line":63,"column":9},"end":{"line":70,"column":11}}]},"16":{"type":"branch","line":63,"loc":{"start":{"line":63,"column":9},"end":{"line":64,"column":24}},"locations":[{"start":{"line":63,"column":9},"end":{"line":64,"column":24}}]},"17":{"type":"branch","line":64,"loc":{"start":{"line":64,"column":24},"end":{"line":70,"column":11}},"locations":[{"start":{"line":64,"column":24},"end":{"line":70,"column":11}}]},"18":{"type":"branch","line":70,"loc":{"start":{"line":70,"column":4},"end":{"line":73,"column":5}},"locations":[{"start":{"line":70,"column":4},"end":{"line":73,"column":5}}]}},"b":{"0":[5],"1":[3],"2":[2],"3":[1],"4":[4],"5":[5],"6":[3],"7":[2],"8":[1],"9":[2],"10":[3],"11":[2],"12":[1],"13":[2],"14":[6],"15":[3],"16":[2],"17":[1],"18":[5]},"fnMap":{"0":{"name":"fetchGetApi","decl":{"start":{"line":1,"column":27},"end":{"line":12,"column":1}},"loc":{"start":{"line":1,"column":27},"end":{"line":12,"column":1}},"line":1},"1":{"name":"fetchAuthApi","decl":{"start":{"line":14,"column":28},"end":{"line":30,"column":1}},"loc":{"start":{"line":14,"column":28},"end":{"line":30,"column":1}},"line":14},"2":{"name":"fetchAuthPostApi","decl":{"start":{"line":32,"column":32},"end":{"line":52,"column":1}},"loc":{"start":{"line":32,"column":32},"end":{"line":52,"column":1}},"line":32},"3":{"name":"fetchPostApi","decl":{"start":{"line":55,"column":28},"end":{"line":74,"column":1}},"loc":{"start":{"line":55,"column":28},"end":{"line":74,"column":1}},"line":55}},"f":{"0":5,"1":5,"2":3,"3":6}}
,"C:\\Users\\vitor\\OneDrive\\Documentos\\Work\\Exchange_of_Currencies\\Exchange_Front\\src\\services\\exchangeService.ts": {"path":"C:\\Users\\vitor\\OneDrive\\Documentos\\Work\\Exchange_of_Currencies\\Exchange_Front\\src\\services\\exchangeService.ts","all":false,"statementMap":{"1":{"start":{"line":2,"column":0},"end":{"line":2,"column":48}},"3":{"start":{"line":4,"column":0},"end":{"line":4,"column":68}},"4":{"start":{"line":5,"column":0},"end":{"line":5,"column":26}},"5":{"start":{"line":6,"column":0},"end":{"line":6,"column":7}},"6":{"start":{"line":7,"column":0},"end":{"line":7,"column":60}},"7":{"start":{"line":8,"column":0},"end":{"line":8,"column":21}},"8":{"start":{"line":9,"column":0},"end":{"line":9,"column":43}},"9":{"start":{"line":10,"column":0},"end":{"line":10,"column":5}},"10":{"start":{"line":11,"column":0},"end":{"line":11,"column":93}},"11":{"start":{"line":12,"column":0},"end":{"line":12,"column":59}},"12":{"start":{"line":13,"column":0},"end":{"line":13,"column":46}},"13":{"start":{"line":14,"column":0},"end":{"line":14,"column":15}},"14":{"start":{"line":15,"column":0},"end":{"line":15,"column":21}},"15":{"start":{"line":16,"column":0},"end":{"line":16,"column":92}},"16":{"start":{"line":17,"column":0},"end":{"line":17,"column":3}},"17":{"start":{"line":18,"column":0},"end":{"line":18,"column":2}},"19":{"start":{"line":20,"column":0},"end":{"line":20,"column":76}},"20":{"start":{"line":21,"column":0},"end":{"line":21,"column":7}},"21":{"start":{"line":22,"column":0},"end":{"line":22,"column":60}},"22":{"start":{"line":23,"column":0},"end":{"line":23,"column":51}},"23":{"start":{"line":24,"column":0},"end":{"line":24,"column":33}},"24":{"start":{"line":25,"column":0},"end":{"line":25,"column":41}},"25":{"start":{"line":26,"column":0},"end":{"line":26,"column":5}},"26":{"start":{"line":27,"column":0},"end":{"line":27,"column":30}},"27":{"start":{"line":28,"column":0},"end":{"line":28,"column":95}},"28":{"start":{"line":29,"column":0},"end":{"line":29,"column":38}},"29":{"start":{"line":30,"column":0},"end":{"line":30,"column":46}},"30":{"start":{"line":31,"column":0},"end":{"line":31,"column":15}},"31":{"start":{"line":32,"column":0},"end":{"line":32,"column":20}},"32":{"start":{"line":33,"column":0},"end":{"line":33,"column":3}},"33":{"start":{"line":34,"column":0},"end":{"line":34,"column":1}}},"s":{"1":1,"3":1,"4":3,"5":3,"6":3,"7":3,"8":1,"9":1,"10":2,"11":1,"12":1,"13":1,"14":1,"15":1,"16":1,"17":3,"19":1,"20":3,"21":3,"22":3,"23":3,"24":1,"25":1,"26":2,"27":2,"28":1,"29":1,"30":1,"31":1,"32":1,"33":3},"branchMap":{"0":{"type":"branch","line":4,"loc":{"start":{"line":4,"column":31},"end":{"line":18,"column":2}},"locations":[{"start":{"line":4,"column":31},"end":{"line":18,"column":2}}]},"1":{"type":"branch","line":8,"loc":{"start":{"line":8,"column":20},"end":{"line":10,"column":5}},"locations":[{"start":{"line":8,"column":20},"end":{"line":10,"column":5}}]},"2":{"type":"branch","line":10,"loc":{"start":{"line":10,"column":4},"end":{"line":11,"column":93}},"locations":[{"start":{"line":10,"column":4},"end":{"line":11,"column":93}}]},"3":{"type":"branch","line":11,"loc":{"start":{"line":11,"column":92},"end":{"line":17,"column":3}},"locations":[{"start":{"line":11,"column":92},"end":{"line":17,"column":3}}]},"4":{"type":"branch","line":20,"loc":{"start":{"line":20,"column":31},"end":{"line":34,"column":1}},"locations":[{"start":{"line":20,"column":31},"end":{"line":34,"column":1}}]},"5":{"type":"branch","line":24,"loc":{"start":{"line":24,"column":8},"end":{"line":24,"column":32}},"locations":[{"start":{"line":24,"column":8},"end":{"line":24,"column":32}}]},"6":{"type":"branch","line":24,"loc":{"start":{"line":24,"column":32},"end":{"line":26,"column":5}},"locations":[{"start":{"line":24,"column":32},"end":{"line":26,"column":5}}]},"7":{"type":"branch","line":26,"loc":{"start":{"line":26,"column":4},"end":{"line":28,"column":95}},"locations":[{"start":{"line":26,"column":4},"end":{"line":28,"column":95}}]},"8":{"type":"branch","line":28,"loc":{"start":{"line":28,"column":94},"end":{"line":33,"column":3}},"locations":[{"start":{"line":28,"column":94},"end":{"line":33,"column":3}}]}},"b":{"0":[3],"1":[1],"2":[2],"3":[1],"4":[3],"5":[2],"6":[1],"7":[2],"8":[1]},"fnMap":{"0":{"name":"exchangeService","decl":{"start":{"line":4,"column":31},"end":{"line":18,"column":2}},"loc":{"start":{"line":4,"column":31},"end":{"line":18,"column":2}},"line":4},"1":{"name":"addFundsService","decl":{"start":{"line":20,"column":31},"end":{"line":34,"column":1}},"loc":{"start":{"line":20,"column":31},"end":{"line":34,"column":1}},"line":20}},"f":{"0":3,"1":3}}
,"C:\\Users\\vitor\\OneDrive\\Documentos\\Work\\Exchange_of_Currencies\\Exchange_Front\\src\\services\\loginService.ts": {"path":"C:\\Users\\vitor\\OneDrive\\Documentos\\Work\\Exchange_of_Currencies\\Exchange_Front\\src\\services\\loginService.ts","all":false,"statementMap":{"1":{"start":{"line":2,"column":0},"end":{"line":2,"column":44}},"3":{"start":{"line":4,"column":0},"end":{"line":4,"column":72}},"4":{"start":{"line":5,"column":0},"end":{"line":5,"column":7}},"5":{"start":{"line":6,"column":0},"end":{"line":6,"column":75}},"6":{"start":{"line":7,"column":0},"end":{"line":7,"column":54}},"7":{"start":{"line":8,"column":0},"end":{"line":8,"column":20}},"8":{"start":{"line":9,"column":0},"end":{"line":9,"column":52}},"9":{"start":{"line":10,"column":0},"end":{"line":10,"column":5}},"10":{"start":{"line":11,"column":0},"end":{"line":11,"column":74}},"11":{"start":{"line":12,"column":0},"end":{"line":12,"column":19}},"12":{"start":{"line":13,"column":0},"end":{"line":13,"column":74}},"13":{"start":{"line":14,"column":0},"end":{"line":14,"column":3}},"14":{"start":{"line":15,"column":0},"end":{"line":15,"column":2}}},"s":{"1":1,"3":1,"4":3,"5":3,"6":2,"7":3,"8":1,"9":1,"10":1,"11":1,"12":1,"13":1,"14":3},"branchMap":{"0":{"type":"branch","line":4,"loc":{"start":{"line":4,"column":28},"end":{"line":15,"column":2}},"locations":[{"start":{"line":4,"column":28},"end":{"line":15,"column":2}}]},"1":{"type":"branch","line":6,"loc":{"start":{"line":6,"column":73},"end":{"line":8,"column":19}},"locations":[{"start":{"line":6,"column":73},"end":{"line":8,"column":19}}]},"2":{"type":"branch","line":8,"loc":{"start":{"line":8,"column":19},"end":{"line":14,"column":3}},"locations":[{"start":{"line":8,"column":19},"end":{"line":14,"column":3}}]}},"b":{"0":[3],"1":[2],"2":[1]},"fnMap":{"0":{"name":"loginService","decl":{"start":{"line":4,"column":28},"end":{"line":15,"column":2}},"loc":{"start":{"line":4,"column":28},"end":{"line":15,"column":2}},"line":4}},"f":{"0":3}}
,"C:\\Users\\vitor\\OneDrive\\Documentos\\Work\\Exchange_of_Currencies\\Exchange_Front\\src\\services\\signupService.ts": {"path":"C:\\Users\\vitor\\OneDrive\\Documentos\\Work\\Exchange_of_Currencies\\Exchange_Front\\src\\services\\signupService.ts","all":false,"statementMap":{"0":{"start":{"line":1,"column":0},"end":{"line":1,"column":44}},"2":{"start":{"line":3,"column":0},"end":{"line":3,"column":36}},"3":{"start":{"line":4,"column":0},"end":{"line":4,"column":15}},"4":{"start":{"line":5,"column":0},"end":{"line":5,"column":16}},"5":{"start":{"line":6,"column":0},"end":{"line":6,"column":18}},"6":{"start":{"line":7,"column":0},"end":{"line":7,"column":6}},"7":{"start":{"line":8,"column":0},"end":{"line":8,"column":7}},"8":{"start":{"line":9,"column":0},"end":{"line":9,"column":58}},"9":{"start":{"line":10,"column":0},"end":{"line":10,"column":11}},"10":{"start":{"line":11,"column":0},"end":{"line":11,"column":12}},"11":{"start":{"line":12,"column":0},"end":{"line":12,"column":15}},"12":{"start":{"line":13,"column":0},"end":{"line":13,"column":7}},"13":{"start":{"line":14,"column":0},"end":{"line":14,"column":39}},"14":{"start":{"line":15,"column":0},"end":{"line":15,"column":20}},"15":{"start":{"line":16,"column":0},"end":{"line":16,"column":51}},"16":{"start":{"line":17,"column":0},"end":{"line":17,"column":5}},"17":{"start":{"line":18,"column":0},"end":{"line":18,"column":75}},"18":{"start":{"line":19,"column":0},"end":{"line":19,"column":15}},"19":{"start":{"line":20,"column":0},"end":{"line":20,"column":21}},"20":{"start":{"line":21,"column":0},"end":{"line":21,"column":75}},"21":{"start":{"line":22,"column":0},"end":{"line":22,"column":3}},"22":{"start":{"line":23,"column":0},"end":{"line":23,"column":2}}},"s":{"0":1,"2":1,"3":3,"4":3,"5":3,"6":3,"7":3,"8":3,"9":3,"10":3,"11":3,"12":3,"13":2,"14":3,"15":1,"16":1,"17":1,"18":1,"19":1,"20":1,"21":1,"22":3},"branchMap":{"0":{"type":"branch","line":3,"loc":{"start":{"line":3,"column":29},"end":{"line":23,"column":2}},"locations":[{"start":{"line":3,"column":29},"end":{"line":23,"column":2}}]},"1":{"type":"branch","line":13,"loc":{"start":{"line":13,"column":5},"end":{"line":15,"column":19}},"locations":[{"start":{"line":13,"column":5},"end":{"line":15,"column":19}}]},"2":{"type":"branch","line":15,"loc":{"start":{"line":15,"column":19},"end":{"line":22,"column":3}},"locations":[{"start":{"line":15,"column":19},"end":{"line":22,"column":3}}]}},"b":{"0":[3],"1":[2],"2":[1]},"fnMap":{"0":{"name":"signupService","decl":{"start":{"line":3,"column":29},"end":{"line":23,"column":2}},"loc":{"start":{"line":3,"column":29},"end":{"line":23,"column":2}},"line":3}},"f":{"0":3}}
}
