{"C:\\Users\\vitor\\OneDrive\\Documentos\\Work\\Exchange_of_Currencies\\Exchange_Front\\src\\hooks\\convetHook.ts": {"path":"C:\\Users\\vitor\\OneDrive\\Documentos\\Work\\Exchange_of_Currencies\\Exchange_Front\\src\\hooks\\convetHook.ts","all":false,"statementMap":{"0":{"start":{"line":1,"column":0},"end":{"line":1,"column":44}},"1":{"start":{"line":2,"column":0},"end":{"line":2,"column":54}},"4":{"start":{"line":5,"column":0},"end":{"line":5,"column":38}},"8":{"start":{"line":9,"column":0},"end":{"line":9,"column":7}},"9":{"start":{"line":10,"column":0},"end":{"line":10,"column":68}},"10":{"start":{"line":11,"column":0},"end":{"line":11,"column":70}},"11":{"start":{"line":12,"column":0},"end":{"line":12,"column":57}},"13":{"start":{"line":14,"column":0},"end":{"line":14,"column":19}},"14":{"start":{"line":15,"column":0},"end":{"line":15,"column":33}},"15":{"start":{"line":16,"column":0},"end":{"line":16,"column":45}},"16":{"start":{"line":17,"column":0},"end":{"line":17,"column":39}},"17":{"start":{"line":18,"column":0},"end":{"line":18,"column":15}},"18":{"start":{"line":19,"column":0},"end":{"line":19,"column":17}},"19":{"start":{"line":20,"column":0},"end":{"line":20,"column":21}},"20":{"start":{"line":21,"column":0},"end":{"line":21,"column":18}},"21":{"start":{"line":22,"column":0},"end":{"line":22,"column":10}},"22":{"start":{"line":23,"column":0},"end":{"line":23,"column":9}},"23":{"start":{"line":24,"column":0},"end":{"line":24,"column":13}},"24":{"start":{"line":25,"column":0},"end":{"line":25,"column":5}},"25":{"start":{"line":26,"column":0},"end":{"line":26,"column":25}},"27":{"start":{"line":28,"column":0},"end":{"line":28,"column":35}},"28":{"start":{"line":29,"column":0},"end":{"line":29,"column":23}},"29":{"start":{"line":30,"column":0},"end":{"line":30,"column":21}},"31":{"start":{"line":32,"column":0},"end":{"line":32,"column":11}},"32":{"start":{"line":33,"column":0},"end":{"line":33,"column":68}},"33":{"start":{"line":34,"column":0},"end":{"line":34,"column":45}},"35":{"start":{"line":36,"column":0},"end":{"line":36,"column":31}},"37":{"start":{"line":38,"column":0},"end":{"line":38,"column":38}},"38":{"start":{"line":39,"column":0},"end":{"line":39,"column":50}},"39":{"start":{"line":40,"column":0},"end":{"line":40,"column":27}},"40":{"start":{"line":41,"column":0},"end":{"line":41,"column":54}},"41":{"start":{"line":42,"column":0},"end":{"line":42,"column":17}},"42":{"start":{"line":43,"column":0},"end":{"line":43,"column":9}},"44":{"start":{"line":45,"column":0},"end":{"line":45,"column":24}},"45":{"start":{"line":46,"column":0},"end":{"line":46,"column":19}},"46":{"start":{"line":47,"column":0},"end":{"line":47,"column":31}},"47":{"start":{"line":48,"column":0},"end":{"line":48,"column":46}},"48":{"start":{"line":49,"column":0},"end":{"line":49,"column":50}},"49":{"start":{"line":50,"column":0},"end":{"line":50,"column":17}},"50":{"start":{"line":51,"column":0},"end":{"line":51,"column":41}},"51":{"start":{"line":52,"column":0},"end":{"line":52,"column":7}},"52":{"start":{"line":53,"column":0},"end":{"line":53,"column":6}},"54":{"start":{"line":55,"column":0},"end":{"line":55,"column":16}},"56":{"start":{"line":57,"column":0},"end":{"line":57,"column":18}},"57":{"start":{"line":58,"column":0},"end":{"line":58,"column":24}},"58":{"start":{"line":59,"column":0},"end":{"line":59,"column":6}},"59":{"start":{"line":60,"column":0},"end":{"line":60,"column":17}},"60":{"start":{"line":61,"column":0},"end":{"line":61,"column":34}},"61":{"start":{"line":62,"column":0},"end":{"line":62,"column":2}}},"s":{"0":1,"1":1,"4":1,"8":157,"9":157,"10":157,"11":157,"13":157,"14":155,"15":154,"16":155,"17":0,"18":0,"19":0,"20":0,"21":0,"22":0,"23":0,"24":0,"25":152,"27":152,"28":152,"29":152,"31":152,"32":152,"33":151,"35":1,"37":0,"38":0,"39":0,"40":0,"41":0,"42":0,"44":0,"45":152,"46":151,"47":150,"48":150,"49":152,"50":152,"51":152,"52":152,"54":152,"56":152,"57":152,"58":152,"59":157,"60":157,"61":157},"branchMap":{"0":{"type":"branch","line":5,"loc":{"start":{"line":5,"column":26},"end":{"line":62,"column":2}},"locations":[{"start":{"line":5,"column":26},"end":{"line":62,"column":2}}]},"1":{"type":"branch","line":14,"loc":{"start":{"line":14,"column":12},"end":{"line":60,"column":5}},"locations":[{"start":{"line":14,"column":12},"end":{"line":60,"column":5}}]},"2":{"type":"branch","line":15,"loc":{"start":{"line":15,"column":26},"end":{"line":15,"column":33}},"locations":[{"start":{"line":15,"column":26},"end":{"line":15,"column":33}}]},"3":{"type":"branch","line":15,"loc":{"start":{"line":15,"column":26},"end":{"line":16,"column":45}},"locations":[{"start":{"line":15,"column":26},"end":{"line":16,"column":45}}]},"4":{"type":"branch","line":16,"loc":{"start":{"line":16,"column":38},"end":{"line":16,"column":45}},"locations":[{"start":{"line":16,"column":38},"end":{"line":16,"column":45}}]},"5":{"type":"branch","line":16,"loc":{"start":{"line":16,"column":38},"end":{"line":17,"column":38}},"locations":[{"start":{"line":16,"column":38},"end":{"line":17,"column":38}}]},"6":{"type":"branch","line":17,"loc":{"start":{"line":17,"column":38},"end":{"line":25,"column":5}},"locations":[{"start":{"line":17,"column":38},"end":{"line":25,"column":5}}]},"7":{"type":"branch","line":25,"loc":{"start":{"line":25,"column":4},"end":{"line":59,"column":6}},"locations":[{"start":{"line":25,"column":4},"end":{"line":59,"column":6}}]},"8":{"type":"branch","line":28,"loc":{"start":{"line":28,"column":22},"end":{"line":53,"column":6}},"locations":[{"start":{"line":28,"column":22},"end":{"line":53,"column":6}}]},"9":{"type":"branch","line":33,"loc":{"start":{"line":33,"column":66},"end":{"line":34,"column":45}},"locations":[{"start":{"line":33,"column":66},"end":{"line":34,"column":45}}]},"10":{"type":"branch","line":34,"loc":{"start":{"line":34,"column":43},"end":{"line":36,"column":31}},"locations":[{"start":{"line":34,"column":43},"end":{"line":36,"column":31}}]},"11":{"type":"branch","line":36,"loc":{"start":{"line":36,"column":24},"end":{"line":46,"column":15}},"locations":[{"start":{"line":36,"column":24},"end":{"line":46,"column":15}}]},"12":{"type":"branch","line":46,"loc":{"start":{"line":46,"column":6},"end":{"line":50,"column":8}},"locations":[{"start":{"line":46,"column":6},"end":{"line":50,"column":8}}]},"13":{"type":"branch","line":47,"loc":{"start":{"line":47,"column":24},"end":{"line":47,"column":31}},"locations":[{"start":{"line":47,"column":24},"end":{"line":47,"column":31}}]},"14":{"type":"branch","line":47,"loc":{"start":{"line":47,"column":24},"end":{"line":50,"column":8}},"locations":[{"start":{"line":47,"column":24},"end":{"line":50,"column":8}}]},"15":{"type":"branch","line":50,"loc":{"start":{"line":50,"column":6},"end":{"line":50,"column":8}},"locations":[{"start":{"line":50,"column":6},"end":{"line":50,"column":8}}]},"16":{"type":"branch","line":51,"loc":{"start":{"line":51,"column":23},"end":{"line":51,"column":41}},"locations":[{"start":{"line":51,"column":23},"end":{"line":51,"column":41}}]},"17":{"type":"branch","line":57,"loc":{"start":{"line":57,"column":11},"end":{"line":59,"column":6}},"locations":[{"start":{"line":57,"column":11},"end":{"line":59,"column":6}}]}},"b":{"0":[157],"1":[155],"2":[1],"3":[154],"4":[2],"5":[152],"6":[0],"7":[152],"8":[152],"9":[151],"10":[1],"11":[0],"12":[151],"13":[1],"14":[150],"15":[150],"16":[150],"17":[152]},"fnMap":{"0":{"name":"useConvert","decl":{"start":{"line":5,"column":26},"end":{"line":62,"column":2}},"loc":{"start":{"line":5,"column":26},"end":{"line":62,"column":2}},"line":5},"1":{"name":"fetchData","decl":{"start":{"line":28,"column":22},"end":{"line":53,"column":6}},"loc":{"start":{"line":28,"column":22},"end":{"line":53,"column":6}},"line":28}},"f":{"0":157,"1":152}}
}
